Copyright 1986-2018 Xilinx, Inc. All Rights Reserved.
-----------------------------------------------------------------------------------------------
| Tool Version : Vivado v.2018.3 (lin64) Build 2405991 Thu Dec  6 23:36:41 MST 2018
| Date         : Tue Mar 23 11:38:52 2021
| Host         : sebastian-ZBook running 64-bit Linux Mint 20
| Command      : report_control_sets -verbose -file PWM_Generator_v1_0_control_sets_placed.rpt
| Design       : PWM_Generator_v1_0
| Device       : xc7z010
-----------------------------------------------------------------------------------------------

Control Set Information

Table of Contents
-----------------
1. Summary
2. Histogram
3. Flip-Flop Distribution
4. Detailed Control Set Information

1. Summary
----------

+----------------------------------------------------------+-------+
|                          Status                          | Count |
+----------------------------------------------------------+-------+
| Number of unique control sets                            |   118 |
| Unused register locations in slices containing registers |   698 |
+----------------------------------------------------------+-------+


2. Histogram
------------

+--------+--------------+
| Fanout | Control Sets |
+--------+--------------+
|      1 |           97 |
|      2 |            2 |
|      3 |            1 |
|      6 |            1 |
|      8 |           16 |
|    16+ |            1 |
+--------+--------------+


3. Flip-Flop Distribution
-------------------------

+--------------+-----------------------+------------------------+-----------------+--------------+
| Clock Enable | Synchronous Set/Reset | Asynchronous Set/Reset | Total Registers | Total Slices |
+--------------+-----------------------+------------------------+-----------------+--------------+
| No           | No                    | No                     |               3 |            1 |
| No           | No                    | Yes                    |              65 |           65 |
| No           | Yes                   | No                     |              38 |           34 |
| Yes          | No                    | No                     |               0 |            0 |
| Yes          | No                    | Yes                    |               0 |            0 |
| Yes          | Yes                   | No                     |             164 |           33 |
+--------------+-----------------------+------------------------+-----------------+--------------+


4. Detailed Control Set Information
-----------------------------------

+----------------------------------------------------------+------------------------------------------------------+---------------------------------------------------------+------------------+----------------+
|                       Clock Signal                       |                     Enable Signal                    |                     Set/Reset Signal                    | Slice Load Count | Bel Load Count |
+----------------------------------------------------------+------------------------------------------------------+---------------------------------------------------------+------------------+----------------+
|  clk_scaled_BUFG                                         |                                                      | PWM_Generator_v1_0_S00_AXI_inst/counter[29]_LDC_i_1_n_0 |                1 |              1 |
|  clk_scaled_BUFG                                         |                                                      | PWM_Generator_v1_0_S00_AXI_inst/counter[28]_LDC_i_1_n_0 |                1 |              1 |
|  clk_scaled_BUFG                                         |                                                      | PWM_Generator_v1_0_S00_AXI_inst/counter[4]_LDC_i_2_n_0  |                1 |              1 |
|  clk_scaled_BUFG                                         |                                                      | PWM_Generator_v1_0_S00_AXI_inst/counter[4]_LDC_i_1_n_0  |                1 |              1 |
|  clk_scaled_BUFG                                         |                                                      | PWM_Generator_v1_0_S00_AXI_inst/counter[3]_LDC_i_2_n_0  |                1 |              1 |
|  clk_scaled_BUFG                                         |                                                      | PWM_Generator_v1_0_S00_AXI_inst/counter[3]_LDC_i_1_n_0  |                1 |              1 |
|  clk_scaled_BUFG                                         |                                                      | PWM_Generator_v1_0_S00_AXI_inst/counter[31]_LDC_i_2_n_0 |                1 |              1 |
|  clk_scaled_BUFG                                         |                                                      | PWM_Generator_v1_0_S00_AXI_inst/counter[31]_LDC_i_1_n_0 |                1 |              1 |
|  clk_scaled_BUFG                                         |                                                      | PWM_Generator_v1_0_S00_AXI_inst/counter[30]_LDC_i_2_n_0 |                1 |              1 |
|  clk_scaled_BUFG                                         |                                                      | PWM_Generator_v1_0_S00_AXI_inst/counter[30]_LDC_i_1_n_0 |                1 |              1 |
|  clk_scaled_BUFG                                         |                                                      | PWM_Generator_v1_0_S00_AXI_inst/counter[2]_LDC_i_2_n_0  |                1 |              1 |
|  clk_scaled_BUFG                                         |                                                      | PWM_Generator_v1_0_S00_AXI_inst/counter[2]_LDC_i_1_n_0  |                1 |              1 |
|  clk_scaled_BUFG                                         |                                                      | PWM_Generator_v1_0_S00_AXI_inst/counter[29]_LDC_i_2_n_0 |                1 |              1 |
|  clk_scaled_BUFG                                         |                                                      | PWM_Generator_v1_0_S00_AXI_inst/counter[28]_LDC_i_2_n_0 |                1 |              1 |
|  PWM_Generator_v1_0_S00_AXI_inst/counter[0]_LDC_i_1_n_0  |                                                      | PWM_Generator_v1_0_S00_AXI_inst/counter[0]_LDC_i_2_n_0  |                1 |              1 |
|  clk_scaled_BUFG                                         |                                                      | PWM_Generator_v1_0_S00_AXI_inst/counter[27]_LDC_i_1_n_0 |                1 |              1 |
|  clk_scaled_BUFG                                         |                                                      | PWM_Generator_v1_0_S00_AXI_inst/counter[24]_LDC_i_1_n_0 |                1 |              1 |
|  clk_scaled_BUFG                                         |                                                      | PWM_Generator_v1_0_S00_AXI_inst/counter[14]_LDC_i_2_n_0 |                1 |              1 |
|  clk_scaled_BUFG                                         |                                                      | PWM_Generator_v1_0_S00_AXI_inst/counter[14]_LDC_i_1_n_0 |                1 |              1 |
|  clk_scaled_BUFG                                         |                                                      | PWM_Generator_v1_0_S00_AXI_inst/counter[25]_LDC_i_1_n_0 |                1 |              1 |
|  clk_scaled_BUFG                                         |                                                      | PWM_Generator_v1_0_S00_AXI_inst/counter[23]_LDC_i_1_n_0 |                1 |              1 |
|  clk_scaled_BUFG                                         |                                                      | PWM_Generator_v1_0_S00_AXI_inst/counter[23]_LDC_i_2_n_0 |                1 |              1 |
|  clk_scaled_BUFG                                         |                                                      | PWM_Generator_v1_0_S00_AXI_inst/counter[25]_LDC_i_2_n_0 |                1 |              1 |
|  clk_scaled_BUFG                                         |                                                      | PWM_Generator_v1_0_S00_AXI_inst/state_i_2_n_0           |                1 |              1 |
|  clk_scaled_BUFG                                         |                                                      | PWM_Generator_v1_0_S00_AXI_inst/counter[26]_LDC_i_2_n_0 |                1 |              1 |
|  PWM_Generator_v1_0_S00_AXI_inst/counter[29]_LDC_i_1_n_0 |                                                      | PWM_Generator_v1_0_S00_AXI_inst/counter[29]_LDC_i_2_n_0 |                1 |              1 |
|  PWM_Generator_v1_0_S00_AXI_inst/counter[9]_LDC_i_1_n_0  |                                                      | PWM_Generator_v1_0_S00_AXI_inst/counter[9]_LDC_i_2_n_0  |                1 |              1 |
|  PWM_Generator_v1_0_S00_AXI_inst/counter[8]_LDC_i_1_n_0  |                                                      | PWM_Generator_v1_0_S00_AXI_inst/counter[8]_LDC_i_2_n_0  |                1 |              1 |
|  PWM_Generator_v1_0_S00_AXI_inst/counter[7]_LDC_i_1_n_0  |                                                      | PWM_Generator_v1_0_S00_AXI_inst/counter[7]_LDC_i_2_n_0  |                1 |              1 |
|  PWM_Generator_v1_0_S00_AXI_inst/counter[6]_LDC_i_1_n_0  |                                                      | PWM_Generator_v1_0_S00_AXI_inst/counter[6]_LDC_i_2_n_0  |                1 |              1 |
|  PWM_Generator_v1_0_S00_AXI_inst/counter[5]_LDC_i_1_n_0  |                                                      | PWM_Generator_v1_0_S00_AXI_inst/counter[5]_LDC_i_2_n_0  |                1 |              1 |
|  PWM_Generator_v1_0_S00_AXI_inst/counter[28]_LDC_i_1_n_0 |                                                      | PWM_Generator_v1_0_S00_AXI_inst/counter[28]_LDC_i_2_n_0 |                1 |              1 |
|  PWM_Generator_v1_0_S00_AXI_inst/counter[4]_LDC_i_1_n_0  |                                                      | PWM_Generator_v1_0_S00_AXI_inst/counter[4]_LDC_i_2_n_0  |                1 |              1 |
|  PWM_Generator_v1_0_S00_AXI_inst/counter[3]_LDC_i_1_n_0  |                                                      | PWM_Generator_v1_0_S00_AXI_inst/counter[3]_LDC_i_2_n_0  |                1 |              1 |
|  PWM_Generator_v1_0_S00_AXI_inst/counter[31]_LDC_i_1_n_0 |                                                      | PWM_Generator_v1_0_S00_AXI_inst/counter[31]_LDC_i_2_n_0 |                1 |              1 |
|  PWM_Generator_v1_0_S00_AXI_inst/counter[30]_LDC_i_1_n_0 |                                                      | PWM_Generator_v1_0_S00_AXI_inst/counter[30]_LDC_i_2_n_0 |                1 |              1 |
|  PWM_Generator_v1_0_S00_AXI_inst/counter[2]_LDC_i_1_n_0  |                                                      | PWM_Generator_v1_0_S00_AXI_inst/counter[2]_LDC_i_2_n_0  |                1 |              1 |
|  clk_scaled_BUFG                                         |                                                      | PWM_Generator_v1_0_S00_AXI_inst/counter[27]_LDC_i_2_n_0 |                1 |              1 |
|  PWM_Generator_v1_0_S00_AXI_inst/counter[27]_LDC_i_1_n_0 |                                                      | PWM_Generator_v1_0_S00_AXI_inst/counter[27]_LDC_i_2_n_0 |                1 |              1 |
|  clk_scaled_BUFG                                         |                                                      | PWM_Generator_v1_0_S00_AXI_inst/counter[9]_LDC_i_2_n_0  |                1 |              1 |
|  clk_scaled_BUFG                                         |                                                      | PWM_Generator_v1_0_S00_AXI_inst/counter[9]_LDC_i_1_n_0  |                1 |              1 |
|  clk_scaled_BUFG                                         |                                                      | PWM_Generator_v1_0_S00_AXI_inst/counter[8]_LDC_i_2_n_0  |                1 |              1 |
|  clk_scaled_BUFG                                         |                                                      | PWM_Generator_v1_0_S00_AXI_inst/counter[8]_LDC_i_1_n_0  |                1 |              1 |
|  clk_scaled_BUFG                                         |                                                      | PWM_Generator_v1_0_S00_AXI_inst/counter[7]_LDC_i_2_n_0  |                1 |              1 |
|  clk_scaled_BUFG                                         |                                                      | PWM_Generator_v1_0_S00_AXI_inst/counter[7]_LDC_i_1_n_0  |                1 |              1 |
|  clk_scaled_BUFG                                         |                                                      | PWM_Generator_v1_0_S00_AXI_inst/counter[6]_LDC_i_2_n_0  |                1 |              1 |
|  clk_scaled_BUFG                                         |                                                      | PWM_Generator_v1_0_S00_AXI_inst/counter[6]_LDC_i_1_n_0  |                1 |              1 |
|  clk_scaled_BUFG                                         |                                                      | PWM_Generator_v1_0_S00_AXI_inst/counter[5]_LDC_i_2_n_0  |                1 |              1 |
|  clk_scaled_BUFG                                         |                                                      | PWM_Generator_v1_0_S00_AXI_inst/counter[5]_LDC_i_1_n_0  |                1 |              1 |
|  PWM_Generator_v1_0_S00_AXI_inst/counter[21]_LDC_i_1_n_0 |                                                      | PWM_Generator_v1_0_S00_AXI_inst/counter[21]_LDC_i_2_n_0 |                1 |              1 |
|  clk_scaled_BUFG                                         |                                                      | PWM_Generator_v1_0_S00_AXI_inst/counter[11]_LDC_i_1_n_0 |                1 |              1 |
|  clk_scaled_BUFG                                         |                                                      | PWM_Generator_v1_0_S00_AXI_inst/counter[10]_LDC_i_2_n_0 |                1 |              1 |
|  clk_scaled_BUFG                                         |                                                      | PWM_Generator_v1_0_S00_AXI_inst/counter[10]_LDC_i_1_n_0 |                1 |              1 |
|  clk_scaled_BUFG                                         |                                                      | PWM_Generator_v1_0_S00_AXI_inst/counter[0]_LDC_i_1_n_0  |                1 |              1 |
|  clk_scaled_BUFG                                         |                                                      | PWM_Generator_v1_0_S00_AXI_inst/counter[0]_LDC_i_2_n_0  |                1 |              1 |
|  PWM_Generator_v1_0_S00_AXI_inst/counter[24]_LDC_i_1_n_0 |                                                      | PWM_Generator_v1_0_S00_AXI_inst/counter[24]_LDC_i_2_n_0 |                1 |              1 |
|  PWM_Generator_v1_0_S00_AXI_inst/counter[14]_LDC_i_1_n_0 |                                                      | PWM_Generator_v1_0_S00_AXI_inst/counter[14]_LDC_i_2_n_0 |                1 |              1 |
|  PWM_Generator_v1_0_S00_AXI_inst/counter[25]_LDC_i_1_n_0 |                                                      | PWM_Generator_v1_0_S00_AXI_inst/counter[25]_LDC_i_2_n_0 |                1 |              1 |
|  PWM_Generator_v1_0_S00_AXI_inst/counter[23]_LDC_i_1_n_0 |                                                      | PWM_Generator_v1_0_S00_AXI_inst/counter[23]_LDC_i_2_n_0 |                1 |              1 |
|  clk_scaled_BUFG                                         |                                                      | PWM_Generator_v1_0_S00_AXI_inst/counter[26]_LDC_i_1_n_0 |                1 |              1 |
|  PWM_Generator_v1_0_S00_AXI_inst/counter[22]_LDC_i_1_n_0 |                                                      | PWM_Generator_v1_0_S00_AXI_inst/counter[22]_LDC_i_2_n_0 |                1 |              1 |
|  PWM_Generator_v1_0_S00_AXI_inst/counter[26]_LDC_i_1_n_0 |                                                      | PWM_Generator_v1_0_S00_AXI_inst/counter[26]_LDC_i_2_n_0 |                1 |              1 |
|  PWM_Generator_v1_0_S00_AXI_inst/counter[20]_LDC_i_1_n_0 |                                                      | PWM_Generator_v1_0_S00_AXI_inst/counter[20]_LDC_i_2_n_0 |                1 |              1 |
|  PWM_Generator_v1_0_S00_AXI_inst/counter[1]_LDC_i_1_n_0  |                                                      | PWM_Generator_v1_0_S00_AXI_inst/counter[1]_LDC_i_2_n_0  |                1 |              1 |
|  PWM_Generator_v1_0_S00_AXI_inst/counter[19]_LDC_i_1_n_0 |                                                      | PWM_Generator_v1_0_S00_AXI_inst/counter[19]_LDC_i_2_n_0 |                1 |              1 |
|  PWM_Generator_v1_0_S00_AXI_inst/counter[18]_LDC_i_1_n_0 |                                                      | PWM_Generator_v1_0_S00_AXI_inst/counter[18]_LDC_i_2_n_0 |                1 |              1 |
|  PWM_Generator_v1_0_S00_AXI_inst/counter[15]_LDC_i_1_n_0 |                                                      | PWM_Generator_v1_0_S00_AXI_inst/counter[15]_LDC_i_2_n_0 |                1 |              1 |
|  PWM_Generator_v1_0_S00_AXI_inst/counter[17]_LDC_i_1_n_0 |                                                      | PWM_Generator_v1_0_S00_AXI_inst/counter[17]_LDC_i_2_n_0 |                1 |              1 |
|  PWM_Generator_v1_0_S00_AXI_inst/counter[16]_LDC_i_1_n_0 |                                                      | PWM_Generator_v1_0_S00_AXI_inst/counter[16]_LDC_i_2_n_0 |                1 |              1 |
|  PWM_Generator_v1_0_S00_AXI_inst/counter[13]_LDC_i_1_n_0 |                                                      | PWM_Generator_v1_0_S00_AXI_inst/counter[13]_LDC_i_2_n_0 |                1 |              1 |
|  PWM_Generator_v1_0_S00_AXI_inst/counter[12]_LDC_i_1_n_0 |                                                      | PWM_Generator_v1_0_S00_AXI_inst/counter[12]_LDC_i_2_n_0 |                1 |              1 |
|  PWM_Generator_v1_0_S00_AXI_inst/counter[11]_LDC_i_1_n_0 |                                                      | PWM_Generator_v1_0_S00_AXI_inst/counter[11]_LDC_i_2_n_0 |                1 |              1 |
|  PWM_Generator_v1_0_S00_AXI_inst/counter[10]_LDC_i_1_n_0 |                                                      | PWM_Generator_v1_0_S00_AXI_inst/counter[10]_LDC_i_2_n_0 |                1 |              1 |
|  clk_scaled_BUFG                                         |                                                      | PWM_Generator_v1_0_S00_AXI_inst/counter[12]_LDC_i_1_n_0 |                1 |              1 |
|  clk_scaled_BUFG                                         |                                                      | PWM_Generator_v1_0_S00_AXI_inst/counter[22]_LDC_i_2_n_0 |                1 |              1 |
|  clk_scaled_BUFG                                         |                                                      | PWM_Generator_v1_0_S00_AXI_inst/counter[22]_LDC_i_1_n_0 |                1 |              1 |
|  clk_scaled_BUFG                                         |                                                      | PWM_Generator_v1_0_S00_AXI_inst/counter[21]_LDC_i_2_n_0 |                1 |              1 |
|  clk_scaled_BUFG                                         |                                                      | PWM_Generator_v1_0_S00_AXI_inst/counter[21]_LDC_i_1_n_0 |                1 |              1 |
|  clk_scaled_BUFG                                         |                                                      | PWM_Generator_v1_0_S00_AXI_inst/counter[20]_LDC_i_2_n_0 |                1 |              1 |
|  clk_scaled_BUFG                                         |                                                      | PWM_Generator_v1_0_S00_AXI_inst/counter[20]_LDC_i_1_n_0 |                1 |              1 |
|  clk_scaled_BUFG                                         |                                                      | PWM_Generator_v1_0_S00_AXI_inst/counter[1]_LDC_i_2_n_0  |                1 |              1 |
|  clk_scaled_BUFG                                         |                                                      | PWM_Generator_v1_0_S00_AXI_inst/counter[1]_LDC_i_1_n_0  |                1 |              1 |
|  clk_scaled_BUFG                                         |                                                      | PWM_Generator_v1_0_S00_AXI_inst/counter[19]_LDC_i_2_n_0 |                1 |              1 |
|  clk_scaled_BUFG                                         |                                                      | PWM_Generator_v1_0_S00_AXI_inst/counter[19]_LDC_i_1_n_0 |                1 |              1 |
|  clk_scaled_BUFG                                         |                                                      | PWM_Generator_v1_0_S00_AXI_inst/counter[18]_LDC_i_2_n_0 |                1 |              1 |
|  clk_scaled_BUFG                                         |                                                      | PWM_Generator_v1_0_S00_AXI_inst/counter[18]_LDC_i_1_n_0 |                1 |              1 |
|  clk_scaled_BUFG                                         |                                                      | PWM_Generator_v1_0_S00_AXI_inst/counter[15]_LDC_i_1_n_0 |                1 |              1 |
|  clk_scaled_BUFG                                         |                                                      | PWM_Generator_v1_0_S00_AXI_inst/counter[11]_LDC_i_2_n_0 |                1 |              1 |
|  clk_scaled_BUFG                                         |                                                      | PWM_Generator_v1_0_S00_AXI_inst/counter[12]_LDC_i_2_n_0 |                1 |              1 |
|  clk_scaled_BUFG                                         |                                                      | PWM_Generator_v1_0_S00_AXI_inst/counter[15]_LDC_i_2_n_0 |                1 |              1 |
|  clk_scaled_BUFG                                         |                                                      | PWM_Generator_v1_0_S00_AXI_inst/counter[24]_LDC_i_2_n_0 |                1 |              1 |
|  clk_scaled_BUFG                                         |                                                      | PWM_Generator_v1_0_S00_AXI_inst/counter[13]_LDC_i_1_n_0 |                1 |              1 |
|  clk_scaled_BUFG                                         |                                                      | PWM_Generator_v1_0_S00_AXI_inst/counter[13]_LDC_i_2_n_0 |                1 |              1 |
|  clk_scaled_BUFG                                         |                                                      | PWM_Generator_v1_0_S00_AXI_inst/counter[16]_LDC_i_1_n_0 |                1 |              1 |
|  clk_scaled_BUFG                                         |                                                      | PWM_Generator_v1_0_S00_AXI_inst/counter[16]_LDC_i_2_n_0 |                1 |              1 |
|  clk_scaled_BUFG                                         |                                                      | PWM_Generator_v1_0_S00_AXI_inst/counter[17]_LDC_i_1_n_0 |                1 |              1 |
|  clk_scaled_BUFG                                         |                                                      | PWM_Generator_v1_0_S00_AXI_inst/counter[17]_LDC_i_2_n_0 |                1 |              1 |
|  s00_axi_aclk_IBUF_BUFG                                  | PWM_Generator_v1_0_S00_AXI_inst/axi_arready0         | PWM_Generator_v1_0_S00_AXI_inst/axi_awready_i_1_n_0     |                1 |              2 |
|  s00_axi_aclk_IBUF_BUFG                                  | PWM_Generator_v1_0_S00_AXI_inst/axi_awready0         | PWM_Generator_v1_0_S00_AXI_inst/axi_awready_i_1_n_0     |                1 |              2 |
|  s00_axi_aclk_IBUF_BUFG                                  |                                                      |                                                         |                1 |              3 |
|  s00_axi_aclk_IBUF_BUFG                                  |                                                      | PWM_Generator_v1_0_S00_AXI_inst/axi_awready_i_1_n_0     |                2 |              6 |
|  s00_axi_aclk_IBUF_BUFG                                  | PWM_Generator_v1_0_S00_AXI_inst/slv_reg1[31]_i_1_n_0 | PWM_Generator_v1_0_S00_AXI_inst/axi_awready_i_1_n_0     |                1 |              8 |
|  s00_axi_aclk_IBUF_BUFG                                  | PWM_Generator_v1_0_S00_AXI_inst/slv_reg3[31]_i_1_n_0 | PWM_Generator_v1_0_S00_AXI_inst/axi_awready_i_1_n_0     |                1 |              8 |
|  s00_axi_aclk_IBUF_BUFG                                  | PWM_Generator_v1_0_S00_AXI_inst/slv_reg3[7]_i_1_n_0  | PWM_Generator_v1_0_S00_AXI_inst/axi_awready_i_1_n_0     |                1 |              8 |
|  s00_axi_aclk_IBUF_BUFG                                  | PWM_Generator_v1_0_S00_AXI_inst/slv_reg2[23]_i_1_n_0 | PWM_Generator_v1_0_S00_AXI_inst/axi_awready_i_1_n_0     |                1 |              8 |
|  s00_axi_aclk_IBUF_BUFG                                  | PWM_Generator_v1_0_S00_AXI_inst/slv_reg2[31]_i_1_n_0 | PWM_Generator_v1_0_S00_AXI_inst/axi_awready_i_1_n_0     |                1 |              8 |
|  s00_axi_aclk_IBUF_BUFG                                  | PWM_Generator_v1_0_S00_AXI_inst/slv_reg2[15]_i_1_n_0 | PWM_Generator_v1_0_S00_AXI_inst/axi_awready_i_1_n_0     |                1 |              8 |
|  s00_axi_aclk_IBUF_BUFG                                  | PWM_Generator_v1_0_S00_AXI_inst/slv_reg2[7]_i_1_n_0  | PWM_Generator_v1_0_S00_AXI_inst/axi_awready_i_1_n_0     |                1 |              8 |
|  s00_axi_aclk_IBUF_BUFG                                  | PWM_Generator_v1_0_S00_AXI_inst/slv_reg3[15]_i_1_n_0 | PWM_Generator_v1_0_S00_AXI_inst/axi_awready_i_1_n_0     |                1 |              8 |
|  s00_axi_aclk_IBUF_BUFG                                  | PWM_Generator_v1_0_S00_AXI_inst/slv_reg3[23]_i_1_n_0 | PWM_Generator_v1_0_S00_AXI_inst/axi_awready_i_1_n_0     |                1 |              8 |
|  s00_axi_aclk_IBUF_BUFG                                  | PWM_Generator_v1_0_S00_AXI_inst/slv_reg1[7]_i_1_n_0  | PWM_Generator_v1_0_S00_AXI_inst/axi_awready_i_1_n_0     |                1 |              8 |
|  s00_axi_aclk_IBUF_BUFG                                  | PWM_Generator_v1_0_S00_AXI_inst/slv_reg1[23]_i_1_n_0 | PWM_Generator_v1_0_S00_AXI_inst/axi_awready_i_1_n_0     |                2 |              8 |
|  s00_axi_aclk_IBUF_BUFG                                  | PWM_Generator_v1_0_S00_AXI_inst/slv_reg1[15]_i_1_n_0 | PWM_Generator_v1_0_S00_AXI_inst/axi_awready_i_1_n_0     |                1 |              8 |
|  s00_axi_aclk_IBUF_BUFG                                  | PWM_Generator_v1_0_S00_AXI_inst/slv_reg0[31]_i_1_n_0 | PWM_Generator_v1_0_S00_AXI_inst/axi_awready_i_1_n_0     |                1 |              8 |
|  s00_axi_aclk_IBUF_BUFG                                  | PWM_Generator_v1_0_S00_AXI_inst/slv_reg0[23]_i_1_n_0 | PWM_Generator_v1_0_S00_AXI_inst/axi_awready_i_1_n_0     |                2 |              8 |
|  s00_axi_aclk_IBUF_BUFG                                  | PWM_Generator_v1_0_S00_AXI_inst/slv_reg0[15]_i_1_n_0 | PWM_Generator_v1_0_S00_AXI_inst/axi_awready_i_1_n_0     |                1 |              8 |
|  s00_axi_aclk_IBUF_BUFG                                  | PWM_Generator_v1_0_S00_AXI_inst/slv_reg0[7]_i_1_n_0  | PWM_Generator_v1_0_S00_AXI_inst/axi_awready_i_1_n_0     |                1 |              8 |
|  s00_axi_aclk_IBUF_BUFG                                  | PWM_Generator_v1_0_S00_AXI_inst/slv_reg_rden         | PWM_Generator_v1_0_S00_AXI_inst/axi_awready_i_1_n_0     |               13 |             32 |
+----------------------------------------------------------+------------------------------------------------------+---------------------------------------------------------+------------------+----------------+


