Copyright 1986-2018 Xilinx, Inc. All Rights Reserved.
---------------------------------------------------------------------------------------------------
| Tool Version : Vivado v.2018.3 (lin64) Build 2405991 Thu Dec  6 23:36:41 MST 2018
| Date         : Tue Mar 23 11:52:34 2021
| Host         : sebastian-ZBook running 64-bit Linux Mint 20
| Command      : report_control_sets -verbose -file ElectricGoKart_wrapper_control_sets_placed.rpt
| Design       : ElectricGoKart_wrapper
| Device       : xc7z010
---------------------------------------------------------------------------------------------------

Control Set Information

Table of Contents
-----------------
1. Summary
2. Histogram
3. Flip-Flop Distribution
4. Detailed Control Set Information

1. Summary
----------

+----------------------------------------------------------+-------+
|                          Status                          | Count |
+----------------------------------------------------------+-------+
| Number of unique control sets                            |   155 |
| Unused register locations in slices containing registers |   803 |
+----------------------------------------------------------+-------+


2. Histogram
------------

+--------+--------------+
| Fanout | Control Sets |
+--------+--------------+
|      1 |           98 |
|      2 |            1 |
|      4 |            4 |
|      5 |            3 |
|      6 |            1 |
|      7 |            1 |
|      8 |           17 |
|     10 |            2 |
|     11 |            1 |
|     12 |            4 |
|     13 |            1 |
|     14 |            2 |
|    16+ |           20 |
+--------+--------------+


3. Flip-Flop Distribution
-------------------------

+--------------+-----------------------+------------------------+-----------------+--------------+
| Clock Enable | Synchronous Set/Reset | Asynchronous Set/Reset | Total Registers | Total Slices |
+--------------+-----------------------+------------------------+-----------------+--------------+
| No           | No                    | No                     |             169 |           54 |
| No           | No                    | Yes                    |              65 |           65 |
| No           | Yes                   | No                     |             240 |           94 |
| Yes          | No                    | No                     |             443 |          105 |
| Yes          | No                    | Yes                    |               0 |            0 |
| Yes          | Yes                   | No                     |             280 |           86 |
+--------------+-----------------------+------------------------+-----------------+--------------+


4. Detailed Control Set Information
-----------------------------------

+----------------------------------------------------------------------------------------------+----------------------------------------------------------------------------------------------------------------------------------------------------------------------+-------------------------------------------------------------------------------------------------------------------------------------------------------------+------------------+----------------+
|                                         Clock Signal                                         |                                                                             Enable Signal                                                                            |                                                                       Set/Reset Signal                                                                      | Slice Load Count | Bel Load Count |
+----------------------------------------------------------------------------------------------+----------------------------------------------------------------------------------------------------------------------------------------------------------------------+-------------------------------------------------------------------------------------------------------------------------------------------------------------+------------------+----------------+
|  ElectricGoKart_i/PWM_Generator_0/U0/PWM_Generator_v1_0_S00_AXI_inst/clk_scaled              |                                                                                                                                                                      | ElectricGoKart_i/PWM_Generator_0/U0/PWM_Generator_v1_0_S00_AXI_inst/counter[21]_LDC_i_2_n_0                                                                 |                1 |              1 |
|  ElectricGoKart_i/PWM_Generator_0/U0/PWM_Generator_v1_0_S00_AXI_inst/clk_scaled              |                                                                                                                                                                      | ElectricGoKart_i/PWM_Generator_0/U0/PWM_Generator_v1_0_S00_AXI_inst/counter[8]_LDC_i_2_n_0                                                                  |                1 |              1 |
|  ElectricGoKart_i/PWM_Generator_0/U0/PWM_Generator_v1_0_S00_AXI_inst/clk_scaled              |                                                                                                                                                                      | ElectricGoKart_i/PWM_Generator_0/U0/PWM_Generator_v1_0_S00_AXI_inst/counter[12]_LDC_i_1_n_0                                                                 |                1 |              1 |
|  ElectricGoKart_i/PWM_Generator_0/U0/PWM_Generator_v1_0_S00_AXI_inst/clk_scaled              |                                                                                                                                                                      | ElectricGoKart_i/PWM_Generator_0/U0/PWM_Generator_v1_0_S00_AXI_inst/counter[4]_LDC_i_2_n_0                                                                  |                1 |              1 |
|  ElectricGoKart_i/PWM_Generator_0/U0/PWM_Generator_v1_0_S00_AXI_inst/clk_scaled              |                                                                                                                                                                      | ElectricGoKart_i/PWM_Generator_0/U0/PWM_Generator_v1_0_S00_AXI_inst/state_i_2_n_0                                                                           |                1 |              1 |
|  ElectricGoKart_i/PWM_Generator_0/U0/PWM_Generator_v1_0_S00_AXI_inst/clk_scaled              |                                                                                                                                                                      | ElectricGoKart_i/PWM_Generator_0/U0/PWM_Generator_v1_0_S00_AXI_inst/counter[18]_LDC_i_2_n_0                                                                 |                1 |              1 |
|  ElectricGoKart_i/PWM_Generator_0/U0/PWM_Generator_v1_0_S00_AXI_inst/clk_scaled              |                                                                                                                                                                      | ElectricGoKart_i/PWM_Generator_0/U0/PWM_Generator_v1_0_S00_AXI_inst/counter[31]_LDC_i_1_n_0                                                                 |                1 |              1 |
|  ElectricGoKart_i/PWM_Generator_0/U0/PWM_Generator_v1_0_S00_AXI_inst/clk_scaled              |                                                                                                                                                                      | ElectricGoKart_i/PWM_Generator_0/U0/PWM_Generator_v1_0_S00_AXI_inst/counter[24]_LDC_i_2_n_0                                                                 |                1 |              1 |
|  ElectricGoKart_i/PWM_Generator_0/U0/PWM_Generator_v1_0_S00_AXI_inst/clk_scaled              |                                                                                                                                                                      | ElectricGoKart_i/PWM_Generator_0/U0/PWM_Generator_v1_0_S00_AXI_inst/counter[24]_LDC_i_1_n_0                                                                 |                1 |              1 |
|  ElectricGoKart_i/PWM_Generator_0/U0/PWM_Generator_v1_0_S00_AXI_inst/clk_scaled              |                                                                                                                                                                      | ElectricGoKart_i/PWM_Generator_0/U0/PWM_Generator_v1_0_S00_AXI_inst/counter[23]_LDC_i_2_n_0                                                                 |                1 |              1 |
|  ElectricGoKart_i/PWM_Generator_0/U0/PWM_Generator_v1_0_S00_AXI_inst/clk_scaled              |                                                                                                                                                                      | ElectricGoKart_i/PWM_Generator_0/U0/PWM_Generator_v1_0_S00_AXI_inst/counter[22]_LDC_i_2_n_0                                                                 |                1 |              1 |
|  ElectricGoKart_i/PWM_Generator_0/U0/PWM_Generator_v1_0_S00_AXI_inst/clk_scaled              |                                                                                                                                                                      | ElectricGoKart_i/PWM_Generator_0/U0/PWM_Generator_v1_0_S00_AXI_inst/counter[22]_LDC_i_1_n_0                                                                 |                1 |              1 |
|  ElectricGoKart_i/PWM_Generator_0/U0/PWM_Generator_v1_0_S00_AXI_inst/clk_scaled              |                                                                                                                                                                      | ElectricGoKart_i/PWM_Generator_0/U0/PWM_Generator_v1_0_S00_AXI_inst/counter[21]_LDC_i_1_n_0                                                                 |                1 |              1 |
|  ElectricGoKart_i/PWM_Generator_0/U0/PWM_Generator_v1_0_S00_AXI_inst/clk_scaled              |                                                                                                                                                                      | ElectricGoKart_i/PWM_Generator_0/U0/PWM_Generator_v1_0_S00_AXI_inst/counter[25]_LDC_i_1_n_0                                                                 |                1 |              1 |
|  ElectricGoKart_i/PWM_Generator_0/U0/PWM_Generator_v1_0_S00_AXI_inst/clk_scaled              |                                                                                                                                                                      | ElectricGoKart_i/PWM_Generator_0/U0/PWM_Generator_v1_0_S00_AXI_inst/counter[20]_LDC_i_2_n_0                                                                 |                1 |              1 |
|  ElectricGoKart_i/PWM_Generator_0/U0/PWM_Generator_v1_0_S00_AXI_inst/clk_scaled              |                                                                                                                                                                      | ElectricGoKart_i/PWM_Generator_0/U0/PWM_Generator_v1_0_S00_AXI_inst/counter[18]_LDC_i_1_n_0                                                                 |                1 |              1 |
|  ElectricGoKart_i/PWM_Generator_0/U0/PWM_Generator_v1_0_S00_AXI_inst/clk_scaled              |                                                                                                                                                                      | ElectricGoKart_i/PWM_Generator_0/U0/PWM_Generator_v1_0_S00_AXI_inst/counter[1]_LDC_i_2_n_0                                                                  |                1 |              1 |
|  ElectricGoKart_i/PWM_Generator_0/U0/PWM_Generator_v1_0_S00_AXI_inst/clk_scaled              |                                                                                                                                                                      | ElectricGoKart_i/PWM_Generator_0/U0/PWM_Generator_v1_0_S00_AXI_inst/counter[17]_LDC_i_2_n_0                                                                 |                1 |              1 |
|  ElectricGoKart_i/PWM_Generator_0/U0/PWM_Generator_v1_0_S00_AXI_inst/clk_scaled              |                                                                                                                                                                      | ElectricGoKart_i/PWM_Generator_0/U0/PWM_Generator_v1_0_S00_AXI_inst/counter[12]_LDC_i_2_n_0                                                                 |                1 |              1 |
|  ElectricGoKart_i/PWM_Generator_0/U0/PWM_Generator_v1_0_S00_AXI_inst/clk_scaled              |                                                                                                                                                                      | ElectricGoKart_i/PWM_Generator_0/U0/PWM_Generator_v1_0_S00_AXI_inst/counter[11]_LDC_i_1_n_0                                                                 |                1 |              1 |
|  ElectricGoKart_i/PWM_Generator_0/U0/PWM_Generator_v1_0_S00_AXI_inst/clk_scaled              |                                                                                                                                                                      | ElectricGoKart_i/PWM_Generator_0/U0/PWM_Generator_v1_0_S00_AXI_inst/counter[10]_LDC_i_2_n_0                                                                 |                1 |              1 |
|  ElectricGoKart_i/PWM_Generator_0/U0/PWM_Generator_v1_0_S00_AXI_inst/clk_scaled              |                                                                                                                                                                      | ElectricGoKart_i/PWM_Generator_0/U0/PWM_Generator_v1_0_S00_AXI_inst/counter[10]_LDC_i_1_n_0                                                                 |                1 |              1 |
|  ElectricGoKart_i/PWM_Generator_0/U0/PWM_Generator_v1_0_S00_AXI_inst/clk_scaled              |                                                                                                                                                                      | ElectricGoKart_i/PWM_Generator_0/U0/PWM_Generator_v1_0_S00_AXI_inst/counter[0]_LDC_i_2_n_0                                                                  |                1 |              1 |
|  ElectricGoKart_i/PWM_Generator_0/U0/PWM_Generator_v1_0_S00_AXI_inst/clk_scaled              |                                                                                                                                                                      | ElectricGoKart_i/PWM_Generator_0/U0/PWM_Generator_v1_0_S00_AXI_inst/counter[13]_LDC_i_1_n_0                                                                 |                1 |              1 |
|  ElectricGoKart_i/PWM_Generator_0/U0/PWM_Generator_v1_0_S00_AXI_inst/clk_scaled              |                                                                                                                                                                      | ElectricGoKart_i/PWM_Generator_0/U0/PWM_Generator_v1_0_S00_AXI_inst/counter[14]_LDC_i_1_n_0                                                                 |                1 |              1 |
|  ElectricGoKart_i/PWM_Generator_0/U0/PWM_Generator_v1_0_S00_AXI_inst/counter[21]_LDC_i_1_n_0 |                                                                                                                                                                      | ElectricGoKart_i/PWM_Generator_0/U0/PWM_Generator_v1_0_S00_AXI_inst/counter[21]_LDC_i_2_n_0                                                                 |                1 |              1 |
|  ElectricGoKart_i/processing_system7_0/inst/FCLK_CLK0                                        | ElectricGoKart_i/ps7_0_axi_periph/s00_couplers/auto_pc/inst/gen_axilite.gen_b2s_conv.axilite_b2s/WR.aw_channel_0/aw_cmd_fsm_0/m_axi_awready_1                        | ElectricGoKart_i/ps7_0_axi_periph/s00_couplers/auto_pc/inst/gen_axilite.gen_b2s_conv.axilite_b2s/WR.aw_channel_0/aw_cmd_fsm_0/m_axi_awready_0               |                1 |              1 |
|  ElectricGoKart_i/PWM_Generator_0/U0/PWM_Generator_v1_0_S00_AXI_inst/counter[0]_LDC_i_1_n_0  |                                                                                                                                                                      | ElectricGoKart_i/PWM_Generator_0/U0/PWM_Generator_v1_0_S00_AXI_inst/counter[0]_LDC_i_2_n_0                                                                  |                1 |              1 |
|  ElectricGoKart_i/PWM_Generator_0/U0/PWM_Generator_v1_0_S00_AXI_inst/counter[17]_LDC_i_1_n_0 |                                                                                                                                                                      | ElectricGoKart_i/PWM_Generator_0/U0/PWM_Generator_v1_0_S00_AXI_inst/counter[17]_LDC_i_2_n_0                                                                 |                1 |              1 |
|  ElectricGoKart_i/PWM_Generator_0/U0/PWM_Generator_v1_0_S00_AXI_inst/counter[19]_LDC_i_1_n_0 |                                                                                                                                                                      | ElectricGoKart_i/PWM_Generator_0/U0/PWM_Generator_v1_0_S00_AXI_inst/counter[19]_LDC_i_2_n_0                                                                 |                1 |              1 |
|  ElectricGoKart_i/PWM_Generator_0/U0/PWM_Generator_v1_0_S00_AXI_inst/counter[20]_LDC_i_1_n_0 |                                                                                                                                                                      | ElectricGoKart_i/PWM_Generator_0/U0/PWM_Generator_v1_0_S00_AXI_inst/counter[20]_LDC_i_2_n_0                                                                 |                1 |              1 |
|  ElectricGoKart_i/PWM_Generator_0/U0/PWM_Generator_v1_0_S00_AXI_inst/counter[2]_LDC_i_1_n_0  |                                                                                                                                                                      | ElectricGoKart_i/PWM_Generator_0/U0/PWM_Generator_v1_0_S00_AXI_inst/counter[2]_LDC_i_2_n_0                                                                  |                1 |              1 |
|  ElectricGoKart_i/PWM_Generator_0/U0/PWM_Generator_v1_0_S00_AXI_inst/counter[25]_LDC_i_1_n_0 |                                                                                                                                                                      | ElectricGoKart_i/PWM_Generator_0/U0/PWM_Generator_v1_0_S00_AXI_inst/counter[25]_LDC_i_2_n_0                                                                 |                1 |              1 |
|  ElectricGoKart_i/PWM_Generator_0/U0/PWM_Generator_v1_0_S00_AXI_inst/counter[12]_LDC_i_1_n_0 |                                                                                                                                                                      | ElectricGoKart_i/PWM_Generator_0/U0/PWM_Generator_v1_0_S00_AXI_inst/counter[12]_LDC_i_2_n_0                                                                 |                1 |              1 |
|  ElectricGoKart_i/PWM_Generator_0/U0/PWM_Generator_v1_0_S00_AXI_inst/counter[31]_LDC_i_1_n_0 |                                                                                                                                                                      | ElectricGoKart_i/PWM_Generator_0/U0/PWM_Generator_v1_0_S00_AXI_inst/counter[31]_LDC_i_2_n_0                                                                 |                1 |              1 |
|  ElectricGoKart_i/PWM_Generator_0/U0/PWM_Generator_v1_0_S00_AXI_inst/counter[24]_LDC_i_1_n_0 |                                                                                                                                                                      | ElectricGoKart_i/PWM_Generator_0/U0/PWM_Generator_v1_0_S00_AXI_inst/counter[24]_LDC_i_2_n_0                                                                 |                1 |              1 |
|  ElectricGoKart_i/PWM_Generator_0/U0/PWM_Generator_v1_0_S00_AXI_inst/counter[22]_LDC_i_1_n_0 |                                                                                                                                                                      | ElectricGoKart_i/PWM_Generator_0/U0/PWM_Generator_v1_0_S00_AXI_inst/counter[22]_LDC_i_2_n_0                                                                 |                1 |              1 |
|  ElectricGoKart_i/PWM_Generator_0/U0/PWM_Generator_v1_0_S00_AXI_inst/counter[23]_LDC_i_1_n_0 |                                                                                                                                                                      | ElectricGoKart_i/PWM_Generator_0/U0/PWM_Generator_v1_0_S00_AXI_inst/counter[23]_LDC_i_2_n_0                                                                 |                1 |              1 |
|  ElectricGoKart_i/PWM_Generator_0/U0/PWM_Generator_v1_0_S00_AXI_inst/counter[18]_LDC_i_1_n_0 |                                                                                                                                                                      | ElectricGoKart_i/PWM_Generator_0/U0/PWM_Generator_v1_0_S00_AXI_inst/counter[18]_LDC_i_2_n_0                                                                 |                1 |              1 |
|  ElectricGoKart_i/PWM_Generator_0/U0/PWM_Generator_v1_0_S00_AXI_inst/clk_scaled              |                                                                                                                                                                      | ElectricGoKart_i/PWM_Generator_0/U0/PWM_Generator_v1_0_S00_AXI_inst/counter[26]_LDC_i_2_n_0                                                                 |                1 |              1 |
|  ElectricGoKart_i/PWM_Generator_0/U0/PWM_Generator_v1_0_S00_AXI_inst/clk_scaled              |                                                                                                                                                                      | ElectricGoKart_i/PWM_Generator_0/U0/PWM_Generator_v1_0_S00_AXI_inst/counter[19]_LDC_i_2_n_0                                                                 |                1 |              1 |
|  ElectricGoKart_i/PWM_Generator_0/U0/PWM_Generator_v1_0_S00_AXI_inst/clk_scaled              |                                                                                                                                                                      | ElectricGoKart_i/PWM_Generator_0/U0/PWM_Generator_v1_0_S00_AXI_inst/counter[7]_LDC_i_2_n_0                                                                  |                1 |              1 |
|  ElectricGoKart_i/PWM_Generator_0/U0/PWM_Generator_v1_0_S00_AXI_inst/clk_scaled              |                                                                                                                                                                      | ElectricGoKart_i/PWM_Generator_0/U0/PWM_Generator_v1_0_S00_AXI_inst/counter[0]_LDC_i_1_n_0                                                                  |                1 |              1 |
|  ElectricGoKart_i/PWM_Generator_0/U0/PWM_Generator_v1_0_S00_AXI_inst/clk_scaled              |                                                                                                                                                                      | ElectricGoKart_i/PWM_Generator_0/U0/PWM_Generator_v1_0_S00_AXI_inst/counter[17]_LDC_i_1_n_0                                                                 |                1 |              1 |
|  ElectricGoKart_i/PWM_Generator_0/U0/PWM_Generator_v1_0_S00_AXI_inst/clk_scaled              |                                                                                                                                                                      | ElectricGoKart_i/PWM_Generator_0/U0/PWM_Generator_v1_0_S00_AXI_inst/counter[19]_LDC_i_1_n_0                                                                 |                1 |              1 |
|  ElectricGoKart_i/PWM_Generator_0/U0/PWM_Generator_v1_0_S00_AXI_inst/clk_scaled              |                                                                                                                                                                      | ElectricGoKart_i/PWM_Generator_0/U0/PWM_Generator_v1_0_S00_AXI_inst/counter[20]_LDC_i_1_n_0                                                                 |                1 |              1 |
|  ElectricGoKart_i/PWM_Generator_0/U0/PWM_Generator_v1_0_S00_AXI_inst/clk_scaled              |                                                                                                                                                                      | ElectricGoKart_i/PWM_Generator_0/U0/PWM_Generator_v1_0_S00_AXI_inst/counter[2]_LDC_i_1_n_0                                                                  |                1 |              1 |
|  ElectricGoKart_i/PWM_Generator_0/U0/PWM_Generator_v1_0_S00_AXI_inst/clk_scaled              |                                                                                                                                                                      | ElectricGoKart_i/PWM_Generator_0/U0/PWM_Generator_v1_0_S00_AXI_inst/counter[2]_LDC_i_2_n_0                                                                  |                1 |              1 |
|  ElectricGoKart_i/PWM_Generator_0/U0/PWM_Generator_v1_0_S00_AXI_inst/clk_scaled              |                                                                                                                                                                      | ElectricGoKart_i/PWM_Generator_0/U0/PWM_Generator_v1_0_S00_AXI_inst/counter[28]_LDC_i_2_n_0                                                                 |                1 |              1 |
|  ElectricGoKart_i/PWM_Generator_0/U0/PWM_Generator_v1_0_S00_AXI_inst/counter[28]_LDC_i_1_n_0 |                                                                                                                                                                      | ElectricGoKart_i/PWM_Generator_0/U0/PWM_Generator_v1_0_S00_AXI_inst/counter[28]_LDC_i_2_n_0                                                                 |                1 |              1 |
|  ElectricGoKart_i/PWM_Generator_0/U0/PWM_Generator_v1_0_S00_AXI_inst/clk_scaled              |                                                                                                                                                                      | ElectricGoKart_i/PWM_Generator_0/U0/PWM_Generator_v1_0_S00_AXI_inst/counter[23]_LDC_i_1_n_0                                                                 |                1 |              1 |
|  ElectricGoKart_i/PWM_Generator_0/U0/PWM_Generator_v1_0_S00_AXI_inst/clk_scaled              |                                                                                                                                                                      | ElectricGoKart_i/PWM_Generator_0/U0/PWM_Generator_v1_0_S00_AXI_inst/counter[3]_LDC_i_2_n_0                                                                  |                1 |              1 |
|  ElectricGoKart_i/PWM_Generator_0/U0/PWM_Generator_v1_0_S00_AXI_inst/clk_scaled              |                                                                                                                                                                      | ElectricGoKart_i/PWM_Generator_0/U0/PWM_Generator_v1_0_S00_AXI_inst/counter[30]_LDC_i_1_n_0                                                                 |                1 |              1 |
|  ElectricGoKart_i/PWM_Generator_0/U0/PWM_Generator_v1_0_S00_AXI_inst/clk_scaled              |                                                                                                                                                                      | ElectricGoKart_i/PWM_Generator_0/U0/PWM_Generator_v1_0_S00_AXI_inst/counter[11]_LDC_i_2_n_0                                                                 |                1 |              1 |
|  ElectricGoKart_i/PWM_Generator_0/U0/PWM_Generator_v1_0_S00_AXI_inst/counter[11]_LDC_i_1_n_0 |                                                                                                                                                                      | ElectricGoKart_i/PWM_Generator_0/U0/PWM_Generator_v1_0_S00_AXI_inst/counter[11]_LDC_i_2_n_0                                                                 |                1 |              1 |
|  ElectricGoKart_i/PWM_Generator_0/U0/PWM_Generator_v1_0_S00_AXI_inst/counter[10]_LDC_i_1_n_0 |                                                                                                                                                                      | ElectricGoKart_i/PWM_Generator_0/U0/PWM_Generator_v1_0_S00_AXI_inst/counter[10]_LDC_i_2_n_0                                                                 |                1 |              1 |
|  ElectricGoKart_i/PWM_Generator_0/U0/PWM_Generator_v1_0_S00_AXI_inst/counter[13]_LDC_i_1_n_0 |                                                                                                                                                                      | ElectricGoKart_i/PWM_Generator_0/U0/PWM_Generator_v1_0_S00_AXI_inst/counter[13]_LDC_i_2_n_0                                                                 |                1 |              1 |
|  ElectricGoKart_i/PWM_Generator_0/U0/PWM_Generator_v1_0_S00_AXI_inst/counter[14]_LDC_i_1_n_0 |                                                                                                                                                                      | ElectricGoKart_i/PWM_Generator_0/U0/PWM_Generator_v1_0_S00_AXI_inst/counter[14]_LDC_i_2_n_0                                                                 |                1 |              1 |
|  ElectricGoKart_i/PWM_Generator_0/U0/PWM_Generator_v1_0_S00_AXI_inst/counter[15]_LDC_i_1_n_0 |                                                                                                                                                                      | ElectricGoKart_i/PWM_Generator_0/U0/PWM_Generator_v1_0_S00_AXI_inst/counter[15]_LDC_i_2_n_0                                                                 |                1 |              1 |
|  ElectricGoKart_i/PWM_Generator_0/U0/PWM_Generator_v1_0_S00_AXI_inst/counter[16]_LDC_i_1_n_0 |                                                                                                                                                                      | ElectricGoKart_i/PWM_Generator_0/U0/PWM_Generator_v1_0_S00_AXI_inst/counter[16]_LDC_i_2_n_0                                                                 |                1 |              1 |
|  ElectricGoKart_i/PWM_Generator_0/U0/PWM_Generator_v1_0_S00_AXI_inst/counter[26]_LDC_i_1_n_0 |                                                                                                                                                                      | ElectricGoKart_i/PWM_Generator_0/U0/PWM_Generator_v1_0_S00_AXI_inst/counter[26]_LDC_i_2_n_0                                                                 |                1 |              1 |
|  ElectricGoKart_i/PWM_Generator_0/U0/PWM_Generator_v1_0_S00_AXI_inst/counter[27]_LDC_i_1_n_0 |                                                                                                                                                                      | ElectricGoKart_i/PWM_Generator_0/U0/PWM_Generator_v1_0_S00_AXI_inst/counter[27]_LDC_i_2_n_0                                                                 |                1 |              1 |
|  ElectricGoKart_i/PWM_Generator_0/U0/PWM_Generator_v1_0_S00_AXI_inst/clk_scaled              |                                                                                                                                                                      | ElectricGoKart_i/PWM_Generator_0/U0/PWM_Generator_v1_0_S00_AXI_inst/counter[15]_LDC_i_2_n_0                                                                 |                1 |              1 |
|  ElectricGoKart_i/PWM_Generator_0/U0/PWM_Generator_v1_0_S00_AXI_inst/counter[4]_LDC_i_1_n_0  |                                                                                                                                                                      | ElectricGoKart_i/PWM_Generator_0/U0/PWM_Generator_v1_0_S00_AXI_inst/counter[4]_LDC_i_2_n_0                                                                  |                1 |              1 |
|  ElectricGoKart_i/PWM_Generator_0/U0/PWM_Generator_v1_0_S00_AXI_inst/counter[5]_LDC_i_1_n_0  |                                                                                                                                                                      | ElectricGoKart_i/PWM_Generator_0/U0/PWM_Generator_v1_0_S00_AXI_inst/counter[5]_LDC_i_2_n_0                                                                  |                1 |              1 |
|  ElectricGoKart_i/PWM_Generator_0/U0/PWM_Generator_v1_0_S00_AXI_inst/counter[7]_LDC_i_1_n_0  |                                                                                                                                                                      | ElectricGoKart_i/PWM_Generator_0/U0/PWM_Generator_v1_0_S00_AXI_inst/counter[7]_LDC_i_2_n_0                                                                  |                1 |              1 |
|  ElectricGoKart_i/PWM_Generator_0/U0/PWM_Generator_v1_0_S00_AXI_inst/counter[8]_LDC_i_1_n_0  |                                                                                                                                                                      | ElectricGoKart_i/PWM_Generator_0/U0/PWM_Generator_v1_0_S00_AXI_inst/counter[8]_LDC_i_2_n_0                                                                  |                1 |              1 |
|  ElectricGoKart_i/PWM_Generator_0/U0/PWM_Generator_v1_0_S00_AXI_inst/counter[29]_LDC_i_1_n_0 |                                                                                                                                                                      | ElectricGoKart_i/PWM_Generator_0/U0/PWM_Generator_v1_0_S00_AXI_inst/counter[29]_LDC_i_2_n_0                                                                 |                1 |              1 |
|  ElectricGoKart_i/PWM_Generator_0/U0/PWM_Generator_v1_0_S00_AXI_inst/counter[3]_LDC_i_1_n_0  |                                                                                                                                                                      | ElectricGoKart_i/PWM_Generator_0/U0/PWM_Generator_v1_0_S00_AXI_inst/counter[3]_LDC_i_2_n_0                                                                  |                1 |              1 |
|  ElectricGoKart_i/PWM_Generator_0/U0/PWM_Generator_v1_0_S00_AXI_inst/counter[6]_LDC_i_1_n_0  |                                                                                                                                                                      | ElectricGoKart_i/PWM_Generator_0/U0/PWM_Generator_v1_0_S00_AXI_inst/counter[6]_LDC_i_2_n_0                                                                  |                1 |              1 |
|  ElectricGoKart_i/PWM_Generator_0/U0/PWM_Generator_v1_0_S00_AXI_inst/counter[9]_LDC_i_1_n_0  |                                                                                                                                                                      | ElectricGoKart_i/PWM_Generator_0/U0/PWM_Generator_v1_0_S00_AXI_inst/counter[9]_LDC_i_2_n_0                                                                  |                1 |              1 |
|  ElectricGoKart_i/PWM_Generator_0/U0/PWM_Generator_v1_0_S00_AXI_inst/counter[1]_LDC_i_1_n_0  |                                                                                                                                                                      | ElectricGoKart_i/PWM_Generator_0/U0/PWM_Generator_v1_0_S00_AXI_inst/counter[1]_LDC_i_2_n_0                                                                  |                1 |              1 |
|  ElectricGoKart_i/PWM_Generator_0/U0/PWM_Generator_v1_0_S00_AXI_inst/clk_scaled              |                                                                                                                                                                      | ElectricGoKart_i/PWM_Generator_0/U0/PWM_Generator_v1_0_S00_AXI_inst/counter[14]_LDC_i_2_n_0                                                                 |                1 |              1 |
|  ElectricGoKart_i/PWM_Generator_0/U0/PWM_Generator_v1_0_S00_AXI_inst/counter[30]_LDC_i_1_n_0 |                                                                                                                                                                      | ElectricGoKart_i/PWM_Generator_0/U0/PWM_Generator_v1_0_S00_AXI_inst/counter[30]_LDC_i_2_n_0                                                                 |                1 |              1 |
|  ElectricGoKart_i/PWM_Generator_0/U0/PWM_Generator_v1_0_S00_AXI_inst/clk_scaled              |                                                                                                                                                                      | ElectricGoKart_i/PWM_Generator_0/U0/PWM_Generator_v1_0_S00_AXI_inst/counter[9]_LDC_i_1_n_0                                                                  |                1 |              1 |
|  ElectricGoKart_i/PWM_Generator_0/U0/PWM_Generator_v1_0_S00_AXI_inst/clk_scaled              |                                                                                                                                                                      | ElectricGoKart_i/PWM_Generator_0/U0/PWM_Generator_v1_0_S00_AXI_inst/counter[15]_LDC_i_1_n_0                                                                 |                1 |              1 |
|  ElectricGoKart_i/PWM_Generator_0/U0/PWM_Generator_v1_0_S00_AXI_inst/clk_scaled              |                                                                                                                                                                      | ElectricGoKart_i/PWM_Generator_0/U0/PWM_Generator_v1_0_S00_AXI_inst/counter[16]_LDC_i_2_n_0                                                                 |                1 |              1 |
|  ElectricGoKart_i/PWM_Generator_0/U0/PWM_Generator_v1_0_S00_AXI_inst/clk_scaled              |                                                                                                                                                                      | ElectricGoKart_i/PWM_Generator_0/U0/PWM_Generator_v1_0_S00_AXI_inst/counter[16]_LDC_i_1_n_0                                                                 |                1 |              1 |
|  ElectricGoKart_i/PWM_Generator_0/U0/PWM_Generator_v1_0_S00_AXI_inst/clk_scaled              |                                                                                                                                                                      | ElectricGoKart_i/PWM_Generator_0/U0/PWM_Generator_v1_0_S00_AXI_inst/counter[25]_LDC_i_2_n_0                                                                 |                1 |              1 |
|  ElectricGoKart_i/PWM_Generator_0/U0/PWM_Generator_v1_0_S00_AXI_inst/clk_scaled              |                                                                                                                                                                      | ElectricGoKart_i/PWM_Generator_0/U0/PWM_Generator_v1_0_S00_AXI_inst/counter[26]_LDC_i_1_n_0                                                                 |                1 |              1 |
|  ElectricGoKart_i/PWM_Generator_0/U0/PWM_Generator_v1_0_S00_AXI_inst/clk_scaled              |                                                                                                                                                                      | ElectricGoKart_i/PWM_Generator_0/U0/PWM_Generator_v1_0_S00_AXI_inst/counter[27]_LDC_i_1_n_0                                                                 |                1 |              1 |
|  ElectricGoKart_i/PWM_Generator_0/U0/PWM_Generator_v1_0_S00_AXI_inst/clk_scaled              |                                                                                                                                                                      | ElectricGoKart_i/PWM_Generator_0/U0/PWM_Generator_v1_0_S00_AXI_inst/counter[28]_LDC_i_1_n_0                                                                 |                1 |              1 |
|  ElectricGoKart_i/PWM_Generator_0/U0/PWM_Generator_v1_0_S00_AXI_inst/clk_scaled              |                                                                                                                                                                      | ElectricGoKart_i/PWM_Generator_0/U0/PWM_Generator_v1_0_S00_AXI_inst/counter[4]_LDC_i_1_n_0                                                                  |                1 |              1 |
|  ElectricGoKart_i/PWM_Generator_0/U0/PWM_Generator_v1_0_S00_AXI_inst/clk_scaled              |                                                                                                                                                                      | ElectricGoKart_i/PWM_Generator_0/U0/PWM_Generator_v1_0_S00_AXI_inst/counter[31]_LDC_i_2_n_0                                                                 |                1 |              1 |
|  ElectricGoKart_i/PWM_Generator_0/U0/PWM_Generator_v1_0_S00_AXI_inst/clk_scaled              |                                                                                                                                                                      | ElectricGoKart_i/PWM_Generator_0/U0/PWM_Generator_v1_0_S00_AXI_inst/counter[5]_LDC_i_1_n_0                                                                  |                1 |              1 |
|  ElectricGoKart_i/PWM_Generator_0/U0/PWM_Generator_v1_0_S00_AXI_inst/clk_scaled              |                                                                                                                                                                      | ElectricGoKart_i/PWM_Generator_0/U0/PWM_Generator_v1_0_S00_AXI_inst/counter[6]_LDC_i_2_n_0                                                                  |                1 |              1 |
|  ElectricGoKart_i/PWM_Generator_0/U0/PWM_Generator_v1_0_S00_AXI_inst/clk_scaled              |                                                                                                                                                                      | ElectricGoKart_i/PWM_Generator_0/U0/PWM_Generator_v1_0_S00_AXI_inst/counter[8]_LDC_i_1_n_0                                                                  |                1 |              1 |
|  ElectricGoKart_i/PWM_Generator_0/U0/PWM_Generator_v1_0_S00_AXI_inst/clk_scaled              |                                                                                                                                                                      | ElectricGoKart_i/PWM_Generator_0/U0/PWM_Generator_v1_0_S00_AXI_inst/counter[7]_LDC_i_1_n_0                                                                  |                1 |              1 |
|  ElectricGoKart_i/PWM_Generator_0/U0/PWM_Generator_v1_0_S00_AXI_inst/clk_scaled              |                                                                                                                                                                      | ElectricGoKart_i/PWM_Generator_0/U0/PWM_Generator_v1_0_S00_AXI_inst/counter[1]_LDC_i_1_n_0                                                                  |                1 |              1 |
|  ElectricGoKart_i/PWM_Generator_0/U0/PWM_Generator_v1_0_S00_AXI_inst/clk_scaled              |                                                                                                                                                                      | ElectricGoKart_i/PWM_Generator_0/U0/PWM_Generator_v1_0_S00_AXI_inst/counter[27]_LDC_i_2_n_0                                                                 |                1 |              1 |
|  ElectricGoKart_i/PWM_Generator_0/U0/PWM_Generator_v1_0_S00_AXI_inst/clk_scaled              |                                                                                                                                                                      | ElectricGoKart_i/PWM_Generator_0/U0/PWM_Generator_v1_0_S00_AXI_inst/counter[6]_LDC_i_1_n_0                                                                  |                1 |              1 |
|  ElectricGoKart_i/PWM_Generator_0/U0/PWM_Generator_v1_0_S00_AXI_inst/clk_scaled              |                                                                                                                                                                      | ElectricGoKart_i/PWM_Generator_0/U0/PWM_Generator_v1_0_S00_AXI_inst/counter[13]_LDC_i_2_n_0                                                                 |                1 |              1 |
|  ElectricGoKart_i/PWM_Generator_0/U0/PWM_Generator_v1_0_S00_AXI_inst/clk_scaled              |                                                                                                                                                                      | ElectricGoKart_i/PWM_Generator_0/U0/PWM_Generator_v1_0_S00_AXI_inst/counter[3]_LDC_i_1_n_0                                                                  |                1 |              1 |
|  ElectricGoKart_i/PWM_Generator_0/U0/PWM_Generator_v1_0_S00_AXI_inst/clk_scaled              |                                                                                                                                                                      | ElectricGoKart_i/PWM_Generator_0/U0/PWM_Generator_v1_0_S00_AXI_inst/counter[29]_LDC_i_1_n_0                                                                 |                1 |              1 |
|  ElectricGoKart_i/PWM_Generator_0/U0/PWM_Generator_v1_0_S00_AXI_inst/clk_scaled              |                                                                                                                                                                      | ElectricGoKart_i/PWM_Generator_0/U0/PWM_Generator_v1_0_S00_AXI_inst/counter[5]_LDC_i_2_n_0                                                                  |                1 |              1 |
|  ElectricGoKart_i/PWM_Generator_0/U0/PWM_Generator_v1_0_S00_AXI_inst/clk_scaled              |                                                                                                                                                                      | ElectricGoKart_i/PWM_Generator_0/U0/PWM_Generator_v1_0_S00_AXI_inst/counter[29]_LDC_i_2_n_0                                                                 |                1 |              1 |
|  ElectricGoKart_i/PWM_Generator_0/U0/PWM_Generator_v1_0_S00_AXI_inst/clk_scaled              |                                                                                                                                                                      | ElectricGoKart_i/PWM_Generator_0/U0/PWM_Generator_v1_0_S00_AXI_inst/counter[30]_LDC_i_2_n_0                                                                 |                1 |              1 |
|  ElectricGoKart_i/PWM_Generator_0/U0/PWM_Generator_v1_0_S00_AXI_inst/clk_scaled              |                                                                                                                                                                      | ElectricGoKart_i/PWM_Generator_0/U0/PWM_Generator_v1_0_S00_AXI_inst/counter[9]_LDC_i_2_n_0                                                                  |                1 |              1 |
|  ElectricGoKart_i/processing_system7_0/inst/FCLK_CLK0                                        | ElectricGoKart_i/ps7_0_axi_periph/s00_couplers/auto_pc/inst/gen_axilite.gen_b2s_conv.axilite_b2s/WR.b_channel_0/bid_fifo_0/sel                                       |                                                                                                                                                             |                1 |              2 |
|  ElectricGoKart_i/processing_system7_0/inst/FCLK_CLK0                                        | ElectricGoKart_i/xadc_wiz_0/U0/AXI_XADC_CORE_I/D[6]                                                                                                                  | ElectricGoKart_i/xadc_wiz_0/U0/AXI_LITE_IPIF_I/I_SLAVE_ATTACHMENT/reset2ip_reset                                                                            |                2 |              4 |
|  ElectricGoKart_i/processing_system7_0/inst/FCLK_CLK0                                        |                                                                                                                                                                      | ElectricGoKart_i/rst_ps7_0_100M/U0/EXT_LPF/lpf_int                                                                                                          |                1 |              4 |
|  ElectricGoKart_i/processing_system7_0/inst/FCLK_CLK0                                        |                                                                                                                                                                      | ElectricGoKart_i/ps7_0_axi_periph/s00_couplers/auto_pc/inst/gen_axilite.gen_b2s_conv.axilite_b2s/SI_REG/ar.ar_pipe/aresetn_d_reg[1]_inv_0                   |                3 |              4 |
|  ElectricGoKart_i/processing_system7_0/inst/FCLK_CLK0                                        |                                                                                                                                                                      | ElectricGoKart_i/ps7_0_axi_periph/s00_couplers/auto_pc/inst/gen_axilite.gen_b2s_conv.axilite_b2s/SI_REG/aw.aw_pipe/aresetn_d_reg[0]_0                       |                3 |              4 |
|  ElectricGoKart_i/processing_system7_0/inst/FCLK_CLK0                                        | ElectricGoKart_i/ps7_0_axi_periph/s00_couplers/auto_pc/inst/gen_axilite.gen_b2s_conv.axilite_b2s/RD.r_channel_0/rd_data_fifo_0/E[0]                                  | ElectricGoKart_i/ps7_0_axi_periph/s00_couplers/auto_pc/inst/gen_axilite.gen_b2s_conv.axilite_b2s/areset_d1                                                  |                2 |              5 |
|  ElectricGoKart_i/processing_system7_0/inst/FCLK_CLK0                                        | ElectricGoKart_i/ps7_0_axi_periph/s00_couplers/auto_pc/inst/gen_axilite.gen_b2s_conv.axilite_b2s/RD.r_channel_0/rd_data_fifo_0/cnt_read[4]_i_1_n_0                   | ElectricGoKart_i/ps7_0_axi_periph/s00_couplers/auto_pc/inst/gen_axilite.gen_b2s_conv.axilite_b2s/areset_d1                                                  |                2 |              5 |
|  ElectricGoKart_i/processing_system7_0/inst/FCLK_CLK0                                        | ElectricGoKart_i/ps7_0_axi_periph/s00_couplers/auto_pc/inst/gen_axilite.gen_b2s_conv.axilite_b2s/RD.ar_channel_0/ar_cmd_fsm_0/m_valid_i_reg                          | ElectricGoKart_i/ps7_0_axi_periph/s00_couplers/auto_pc/inst/gen_axilite.gen_b2s_conv.axilite_b2s/RD.ar_channel_0/ar_cmd_fsm_0/FSM_sequential_state_reg[0]_0 |                2 |              5 |
|  ElectricGoKart_i/processing_system7_0/inst/FCLK_CLK0                                        | ElectricGoKart_i/rst_ps7_0_100M/U0/SEQ/seq_cnt_en                                                                                                                    | ElectricGoKart_i/rst_ps7_0_100M/U0/SEQ/SEQ_COUNTER/clear                                                                                                    |                1 |              6 |
|  ElectricGoKart_i/processing_system7_0/inst/FCLK_CLK0                                        |                                                                                                                                                                      | ElectricGoKart_i/xadc_wiz_0/U0/AXI_LITE_IPIF_I/I_SLAVE_ATTACHMENT/p_2_out                                                                                   |                2 |              7 |
|  ElectricGoKart_i/processing_system7_0/inst/FCLK_CLK0                                        | ElectricGoKart_i/ps7_0_axi_periph/s00_couplers/auto_pc/inst/gen_axilite.gen_b2s_conv.axilite_b2s/WR.b_channel_0/mhandshake_r                                         | ElectricGoKart_i/ps7_0_axi_periph/s00_couplers/auto_pc/inst/gen_axilite.gen_b2s_conv.axilite_b2s/WR.b_channel_0/bid_fifo_0/SR[0]                            |                3 |              8 |
|  ElectricGoKart_i/processing_system7_0/inst/FCLK_CLK0                                        | ElectricGoKart_i/PWM_Generator_0/U0/PWM_Generator_v1_0_S00_AXI_inst/slv_reg2[31]_i_1_n_0                                                                             | ElectricGoKart_i/PWM_Generator_0/U0/PWM_Generator_v1_0_S00_AXI_inst/axi_awready_i_1_n_0                                                                     |                2 |              8 |
|  ElectricGoKart_i/processing_system7_0/inst/FCLK_CLK0                                        | ElectricGoKart_i/PWM_Generator_0/U0/PWM_Generator_v1_0_S00_AXI_inst/slv_reg2[15]_i_1_n_0                                                                             | ElectricGoKart_i/PWM_Generator_0/U0/PWM_Generator_v1_0_S00_AXI_inst/axi_awready_i_1_n_0                                                                     |                2 |              8 |
|  ElectricGoKart_i/processing_system7_0/inst/FCLK_CLK0                                        | ElectricGoKart_i/PWM_Generator_0/U0/PWM_Generator_v1_0_S00_AXI_inst/slv_reg1[31]_i_1_n_0                                                                             | ElectricGoKart_i/PWM_Generator_0/U0/PWM_Generator_v1_0_S00_AXI_inst/axi_awready_i_1_n_0                                                                     |                2 |              8 |
|  ElectricGoKart_i/processing_system7_0/inst/FCLK_CLK0                                        | ElectricGoKart_i/PWM_Generator_0/U0/PWM_Generator_v1_0_S00_AXI_inst/slv_reg1[23]_i_1_n_0                                                                             | ElectricGoKart_i/PWM_Generator_0/U0/PWM_Generator_v1_0_S00_AXI_inst/axi_awready_i_1_n_0                                                                     |                2 |              8 |
|  ElectricGoKart_i/processing_system7_0/inst/FCLK_CLK0                                        | ElectricGoKart_i/PWM_Generator_0/U0/PWM_Generator_v1_0_S00_AXI_inst/slv_reg0[23]_i_1_n_0                                                                             | ElectricGoKart_i/PWM_Generator_0/U0/PWM_Generator_v1_0_S00_AXI_inst/axi_awready_i_1_n_0                                                                     |                1 |              8 |
|  ElectricGoKart_i/processing_system7_0/inst/FCLK_CLK0                                        | ElectricGoKart_i/PWM_Generator_0/U0/PWM_Generator_v1_0_S00_AXI_inst/slv_reg1[15]_i_1_n_0                                                                             | ElectricGoKart_i/PWM_Generator_0/U0/PWM_Generator_v1_0_S00_AXI_inst/axi_awready_i_1_n_0                                                                     |                1 |              8 |
|  ElectricGoKart_i/processing_system7_0/inst/FCLK_CLK0                                        | ElectricGoKart_i/PWM_Generator_0/U0/PWM_Generator_v1_0_S00_AXI_inst/slv_reg0[7]_i_1_n_0                                                                              | ElectricGoKart_i/PWM_Generator_0/U0/PWM_Generator_v1_0_S00_AXI_inst/axi_awready_i_1_n_0                                                                     |                3 |              8 |
|  ElectricGoKart_i/processing_system7_0/inst/FCLK_CLK0                                        | ElectricGoKart_i/PWM_Generator_0/U0/PWM_Generator_v1_0_S00_AXI_inst/slv_reg2[23]_i_1_n_0                                                                             | ElectricGoKart_i/PWM_Generator_0/U0/PWM_Generator_v1_0_S00_AXI_inst/axi_awready_i_1_n_0                                                                     |                1 |              8 |
|  ElectricGoKart_i/processing_system7_0/inst/FCLK_CLK0                                        | ElectricGoKart_i/PWM_Generator_0/U0/PWM_Generator_v1_0_S00_AXI_inst/slv_reg3[7]_i_1_n_0                                                                              | ElectricGoKart_i/PWM_Generator_0/U0/PWM_Generator_v1_0_S00_AXI_inst/axi_awready_i_1_n_0                                                                     |                2 |              8 |
|  ElectricGoKart_i/processing_system7_0/inst/FCLK_CLK0                                        | ElectricGoKart_i/PWM_Generator_0/U0/PWM_Generator_v1_0_S00_AXI_inst/slv_reg3[31]_i_1_n_0                                                                             | ElectricGoKart_i/PWM_Generator_0/U0/PWM_Generator_v1_0_S00_AXI_inst/axi_awready_i_1_n_0                                                                     |                2 |              8 |
|  ElectricGoKart_i/processing_system7_0/inst/FCLK_CLK0                                        | ElectricGoKart_i/PWM_Generator_0/U0/PWM_Generator_v1_0_S00_AXI_inst/slv_reg3[15]_i_1_n_0                                                                             | ElectricGoKart_i/PWM_Generator_0/U0/PWM_Generator_v1_0_S00_AXI_inst/axi_awready_i_1_n_0                                                                     |                1 |              8 |
|  ElectricGoKart_i/processing_system7_0/inst/FCLK_CLK0                                        | ElectricGoKart_i/PWM_Generator_0/U0/PWM_Generator_v1_0_S00_AXI_inst/slv_reg1[7]_i_1_n_0                                                                              | ElectricGoKart_i/PWM_Generator_0/U0/PWM_Generator_v1_0_S00_AXI_inst/axi_awready_i_1_n_0                                                                     |                2 |              8 |
|  ElectricGoKart_i/processing_system7_0/inst/FCLK_CLK0                                        | ElectricGoKart_i/PWM_Generator_0/U0/PWM_Generator_v1_0_S00_AXI_inst/slv_reg0[31]_i_1_n_0                                                                             | ElectricGoKart_i/PWM_Generator_0/U0/PWM_Generator_v1_0_S00_AXI_inst/axi_awready_i_1_n_0                                                                     |                3 |              8 |
|  ElectricGoKart_i/processing_system7_0/inst/FCLK_CLK0                                        | ElectricGoKart_i/PWM_Generator_0/U0/PWM_Generator_v1_0_S00_AXI_inst/slv_reg0[15]_i_1_n_0                                                                             | ElectricGoKart_i/PWM_Generator_0/U0/PWM_Generator_v1_0_S00_AXI_inst/axi_awready_i_1_n_0                                                                     |                1 |              8 |
|  ElectricGoKart_i/processing_system7_0/inst/FCLK_CLK0                                        | ElectricGoKart_i/PWM_Generator_0/U0/PWM_Generator_v1_0_S00_AXI_inst/slv_reg3[23]_i_1_n_0                                                                             | ElectricGoKart_i/PWM_Generator_0/U0/PWM_Generator_v1_0_S00_AXI_inst/axi_awready_i_1_n_0                                                                     |                1 |              8 |
|  ElectricGoKart_i/processing_system7_0/inst/FCLK_CLK0                                        | ElectricGoKart_i/PWM_Generator_0/U0/PWM_Generator_v1_0_S00_AXI_inst/slv_reg2[7]_i_1_n_0                                                                              | ElectricGoKart_i/PWM_Generator_0/U0/PWM_Generator_v1_0_S00_AXI_inst/axi_awready_i_1_n_0                                                                     |                2 |              8 |
|  ElectricGoKart_i/processing_system7_0/inst/FCLK_CLK0                                        |                                                                                                                                                                      | ElectricGoKart_i/PWM_Generator_0/U0/PWM_Generator_v1_0_S00_AXI_inst/axi_awready_i_1_n_0                                                                     |                4 |             10 |
|  ElectricGoKart_i/processing_system7_0/inst/FCLK_CLK0                                        |                                                                                                                                                                      | ElectricGoKart_i/ps7_0_axi_periph/s00_couplers/auto_pc/inst/gen_axilite.gen_b2s_conv.axilite_b2s/areset_d1                                                  |                4 |             10 |
|  ElectricGoKart_i/processing_system7_0/inst/FCLK_CLK0                                        |                                                                                                                                                                      | ElectricGoKart_i/ps7_0_axi_periph/xbar/inst/gen_sasd.crossbar_sasd_0/addr_arbiter_inst/SR[0]                                                                |                4 |             11 |
|  ElectricGoKart_i/processing_system7_0/inst/FCLK_CLK0                                        | ElectricGoKart_i/ps7_0_axi_periph/s00_couplers/auto_pc/inst/gen_axilite.gen_b2s_conv.axilite_b2s/RD.ar_channel_0/ar_cmd_fsm_0/sel_first_reg[0]                       |                                                                                                                                                             |                2 |             12 |
|  ElectricGoKart_i/processing_system7_0/inst/FCLK_CLK0                                        | ElectricGoKart_i/ps7_0_axi_periph/s00_couplers/auto_pc/inst/gen_axilite.gen_b2s_conv.axilite_b2s/WR.aw_channel_0/cmd_translator_0/incr_cmd_0/axaddr_incr[11]_i_1_n_0 |                                                                                                                                                             |                2 |             12 |
|  ElectricGoKart_i/processing_system7_0/inst/FCLK_CLK0                                        | ElectricGoKart_i/ps7_0_axi_periph/s00_couplers/auto_pc/inst/gen_axilite.gen_b2s_conv.axilite_b2s/WR.aw_channel_0/aw_cmd_fsm_0/E[0]                                   |                                                                                                                                                             |                5 |             12 |
|  ElectricGoKart_i/processing_system7_0/inst/FCLK_CLK0                                        | ElectricGoKart_i/ps7_0_axi_periph/s00_couplers/auto_pc/inst/gen_axilite.gen_b2s_conv.axilite_b2s/RD.ar_channel_0/ar_cmd_fsm_0/E[0]                                   |                                                                                                                                                             |                7 |             12 |
|  ElectricGoKart_i/processing_system7_0/inst/FCLK_CLK0                                        | ElectricGoKart_i/ps7_0_axi_periph/s00_couplers/auto_pc/inst/gen_axilite.gen_b2s_conv.axilite_b2s/RD.r_channel_0/r_push_r                                             |                                                                                                                                                             |                4 |             13 |
|  ElectricGoKart_i/processing_system7_0/inst/FCLK_CLK0                                        | ElectricGoKart_i/ps7_0_axi_periph/s00_couplers/auto_pc/inst/gen_axilite.gen_b2s_conv.axilite_b2s/SI_REG/b.b_pipe/s_ready_i_reg_0                                     |                                                                                                                                                             |                2 |             14 |
|  ElectricGoKart_i/processing_system7_0/inst/FCLK_CLK0                                        | ElectricGoKart_i/ps7_0_axi_periph/s00_couplers/auto_pc/inst/gen_axilite.gen_b2s_conv.axilite_b2s/SI_REG/b.b_pipe/p_1_in                                              |                                                                                                                                                             |                2 |             14 |
|  ElectricGoKart_i/processing_system7_0/inst/FCLK_CLK0                                        |                                                                                                                                                                      | ElectricGoKart_i/xadc_wiz_0/U0/AXI_XADC_CORE_I/do_reg[15]_i_1_n_0                                                                                           |                6 |             16 |
|  ElectricGoKart_i/processing_system7_0/inst/FCLK_CLK0                                        | ElectricGoKart_i/ps7_0_axi_periph/s00_couplers/auto_pc/inst/gen_axilite.gen_b2s_conv.axilite_b2s/WR.aw_channel_0/aw_cmd_fsm_0/b_push                                 |                                                                                                                                                             |                3 |             16 |
|  ElectricGoKart_i/processing_system7_0/inst/FCLK_CLK0                                        | ElectricGoKart_i/xadc_wiz_0/U0/AXI_LITE_IPIF_I/I_SLAVE_ATTACHMENT/I_DECODER/E[0]                                                                                     | ElectricGoKart_i/xadc_wiz_0/U0/AXI_LITE_IPIF_I/I_SLAVE_ATTACHMENT/reset2ip_reset                                                                            |                8 |             17 |
|  ElectricGoKart_i/processing_system7_0/inst/FCLK_CLK0                                        | ElectricGoKart_i/xadc_wiz_0/U0/AXI_LITE_IPIF_I/I_SLAVE_ATTACHMENT/s_axi_rresp_i                                                                                      | ElectricGoKart_i/xadc_wiz_0/U0/AXI_LITE_IPIF_I/I_SLAVE_ATTACHMENT/SR[0]                                                                                     |                5 |             20 |
|  ElectricGoKart_i/processing_system7_0/inst/FCLK_CLK0                                        | ElectricGoKart_i/ps7_0_axi_periph/s00_couplers/auto_pc/inst/gen_axilite.gen_b2s_conv.axilite_b2s/RD.ar_channel_0/ar_cmd_fsm_0/m_valid_i_reg                          |                                                                                                                                                             |               10 |             21 |
|  ElectricGoKart_i/processing_system7_0/inst/FCLK_CLK0                                        | ElectricGoKart_i/ps7_0_axi_periph/xbar/inst/gen_sasd.crossbar_sasd_0/addr_arbiter_inst/p_0_in1_in                                                                    | ElectricGoKart_i/ps7_0_axi_periph/xbar/inst/gen_sasd.crossbar_sasd_0/addr_arbiter_inst/SR[0]                                                                |                9 |             24 |
|  ElectricGoKart_i/processing_system7_0/inst/FCLK_CLK0                                        | ElectricGoKart_i/xadc_wiz_0/U0/AXI_LITE_IPIF_I/I_SLAVE_ATTACHMENT/I_DECODER/start                                                                                    | ElectricGoKart_i/xadc_wiz_0/U0/AXI_LITE_IPIF_I/I_SLAVE_ATTACHMENT/I_DECODER/cs_ce_clr                                                                       |               10 |             25 |
|  ElectricGoKart_i/processing_system7_0/inst/FCLK_CLK0                                        | ElectricGoKart_i/ps7_0_axi_periph/s00_couplers/auto_pc/inst/gen_axilite.gen_b2s_conv.axilite_b2s/WR.aw_channel_0/aw_cmd_fsm_0/m_axi_awready_1                        |                                                                                                                                                             |               11 |             25 |
|  ElectricGoKart_i/processing_system7_0/inst/FCLK_CLK0                                        |                                                                                                                                                                      | ElectricGoKart_i/xadc_wiz_0/U0/AXI_LITE_IPIF_I/I_SLAVE_ATTACHMENT/SR[0]                                                                                     |                6 |             26 |
|  ElectricGoKart_i/processing_system7_0/inst/FCLK_CLK0                                        | ElectricGoKart_i/PWM_Generator_0/U0/PWM_Generator_v1_0_S00_AXI_inst/slv_reg_rden                                                                                     | ElectricGoKart_i/PWM_Generator_0/U0/PWM_Generator_v1_0_S00_AXI_inst/axi_awready_i_1_n_0                                                                     |               13 |             32 |
|  ElectricGoKart_i/processing_system7_0/inst/FCLK_CLK0                                        | ElectricGoKart_i/ps7_0_axi_periph/s00_couplers/auto_pc/inst/gen_axilite.gen_b2s_conv.axilite_b2s/RD.r_channel_0/rd_data_fifo_0/wr_en0                                |                                                                                                                                                             |                9 |             34 |
|  ElectricGoKart_i/processing_system7_0/inst/FCLK_CLK0                                        | ElectricGoKart_i/ps7_0_axi_periph/xbar/inst/gen_sasd.crossbar_sasd_0/addr_arbiter_inst/E[0]                                                                          |                                                                                                                                                             |                6 |             35 |
|  ElectricGoKart_i/processing_system7_0/inst/FCLK_CLK0                                        | ElectricGoKart_i/ps7_0_axi_periph/s00_couplers/auto_pc/inst/gen_axilite.gen_b2s_conv.axilite_b2s/SI_REG/r.r_pipe/p_1_in                                              |                                                                                                                                                             |                7 |             47 |
|  ElectricGoKart_i/processing_system7_0/inst/FCLK_CLK0                                        | ElectricGoKart_i/ps7_0_axi_periph/s00_couplers/auto_pc/inst/gen_axilite.gen_b2s_conv.axilite_b2s/SI_REG/r.r_pipe/s_ready_i_reg_0                                     |                                                                                                                                                             |                6 |             47 |
|  ElectricGoKart_i/processing_system7_0/inst/FCLK_CLK0                                        | ElectricGoKart_i/ps7_0_axi_periph/s00_couplers/auto_pc/inst/gen_axilite.gen_b2s_conv.axilite_b2s/RD.ar_channel_0/ar_cmd_fsm_0/FSM_sequential_state_reg[1]_0[0]       |                                                                                                                                                             |               12 |             48 |
|  ElectricGoKart_i/processing_system7_0/inst/FCLK_CLK0                                        | ElectricGoKart_i/ps7_0_axi_periph/s00_couplers/auto_pc/inst/gen_axilite.gen_b2s_conv.axilite_b2s/SI_REG/aw.aw_pipe/s_ready_i_reg_0                                   |                                                                                                                                                             |               10 |             48 |
|  ElectricGoKart_i/processing_system7_0/inst/FCLK_CLK0                                        | ElectricGoKart_i/ps7_0_axi_periph/s00_couplers/auto_pc/inst/gen_axilite.gen_b2s_conv.axilite_b2s/SI_REG/ar.ar_pipe/s_ready_i_reg_0                                   |                                                                                                                                                             |               14 |             48 |
|  ElectricGoKart_i/processing_system7_0/inst/FCLK_CLK0                                        | ElectricGoKart_i/ps7_0_axi_periph/s00_couplers/auto_pc/inst/gen_axilite.gen_b2s_conv.axilite_b2s/WR.aw_channel_0/aw_cmd_fsm_0/m_valid_i_reg[0]                       |                                                                                                                                                             |                9 |             48 |
|  ElectricGoKart_i/processing_system7_0/inst/FCLK_CLK0                                        |                                                                                                                                                                      | ElectricGoKart_i/xadc_wiz_0/U0/AXI_LITE_IPIF_I/I_SLAVE_ATTACHMENT/reset2ip_reset                                                                            |               29 |            116 |
|  ElectricGoKart_i/processing_system7_0/inst/FCLK_CLK0                                        |                                                                                                                                                                      |                                                                                                                                                             |               55 |            170 |
+----------------------------------------------------------------------------------------------+----------------------------------------------------------------------------------------------------------------------------------------------------------------------+-------------------------------------------------------------------------------------------------------------------------------------------------------------+------------------+----------------+


