Copyright 1986-2018 Xilinx, Inc. All Rights Reserved.
------------------------------------------------------------------------------------
| Tool Version : Vivado v.2018.3 (lin64) Build 2405991 Thu Dec  6 23:36:41 MST 2018
| Date         : Tue May 11 12:09:57 2021
| Host         : sebastian-ZBook running 64-bit Linux Mint 20
| Command      : upgrade_ip
| Device       : xc7z010clg400-1
------------------------------------------------------------------------------------

Upgrade Log for IP 'ElectricGoKart_PWM_Generator_0_1'

1. Summary
----------

SUCCESS in the conversion of ElectricGoKart_PWM_Generator_0_1 (user.org:user:PWM_Generator:1.0 (Rev. 22)) to Vivado generation flows.






Copyright 1986-2018 Xilinx, Inc. All Rights Reserved.
------------------------------------------------------------------------------------
| Tool Version : Vivado v.2018.3 (lin64) Build 2405991 Thu Dec  6 23:36:41 MST 2018
| Date         : Tue May 11 12:09:22 2021
| Host         : sebastian-ZBook running 64-bit Linux Mint 20
| Command      : upgrade_ip
| Device       : xc7z010clg400-1
------------------------------------------------------------------------------------

Upgrade Log for IP 'ElectricGoKart_PWM_Generator_0_1'

1. Summary
----------

SUCCESS in the upgrade of ElectricGoKart_PWM_Generator_0_1 (user.org:user:PWM_Generator:1.0) from (Rev. 20) to (Rev. 22)






Copyright 1986-2018 Xilinx, Inc. All Rights Reserved.
------------------------------------------------------------------------------------
| Tool Version : Vivado v.2018.3 (lin64) Build 2405991 Thu Dec  6 23:36:41 MST 2018
| Date         : Tue May 11 12:09:22 2021
| Host         : sebastian-ZBook running 64-bit Linux Mint 20
| Command      : upgrade_ip
| Device       : xc7z010clg400-1
------------------------------------------------------------------------------------

Upgrade Log for IP 'ElectricGoKart_Encoder_Driver_0_0'

1. Summary
----------

SUCCESS in the upgrade of ElectricGoKart_Encoder_Driver_0_0 (user.org:user:Encoder_Driver:1.0) from (Rev. 10) to (Rev. 11)






Copyright 1986-2018 Xilinx, Inc. All Rights Reserved.
------------------------------------------------------------------------------------
| Tool Version : Vivado v.2018.3 (lin64) Build 2405991 Thu Dec  6 23:36:41 MST 2018
| Date         : Mon Mar 29 09:58:58 2021
| Host         : sebastian-ZBook running 64-bit Linux Mint 20
| Command      : upgrade_ip
| Device       : xc7z010clg400-1
------------------------------------------------------------------------------------

Upgrade Log for IP 'ElectricGoKart_Encoder_Driver_0_0'

1. Summary
----------

SUCCESS in the upgrade of ElectricGoKart_Encoder_Driver_0_0 (user.org:user:Encoder_Driver:1.0) from (Rev. 9) to (Rev. 10)






Copyright 1986-2018 Xilinx, Inc. All Rights Reserved.
------------------------------------------------------------------------------------
| Tool Version : Vivado v.2018.3 (lin64) Build 2405991 Thu Dec  6 23:36:41 MST 2018
| Date         : Mon Mar 29 09:51:47 2021
| Host         : sebastian-ZBook running 64-bit Linux Mint 20
| Command      : upgrade_ip
| Device       : xc7z010clg400-1
------------------------------------------------------------------------------------

Upgrade Log for IP 'ElectricGoKart_Encoder_Driver_0_0'

1. Summary
----------

SUCCESS in the upgrade of ElectricGoKart_Encoder_Driver_0_0 (user.org:user:Encoder_Driver:1.0) from (Rev. 8) to (Rev. 9)






Copyright 1986-2018 Xilinx, Inc. All Rights Reserved.
------------------------------------------------------------------------------------
| Tool Version : Vivado v.2018.3 (lin64) Build 2405991 Thu Dec  6 23:36:41 MST 2018
| Date         : Mon Mar 29 09:31:40 2021
| Host         : sebastian-ZBook running 64-bit Linux Mint 20
| Command      : upgrade_ip
| Device       : xc7z010clg400-1
------------------------------------------------------------------------------------

Upgrade Log for IP 'ElectricGoKart_PWM_Generator_0_1'

1. Summary
----------

SUCCESS in the upgrade of ElectricGoKart_PWM_Generator_0_1 (user.org:user:PWM_Generator:1.0) from (Rev. 19) to (Rev. 20)






Copyright 1986-2018 Xilinx, Inc. All Rights Reserved.
------------------------------------------------------------------------------------
| Tool Version : Vivado v.2018.3 (lin64) Build 2405991 Thu Dec  6 23:36:41 MST 2018
| Date         : Fri Mar 26 18:46:17 2021
| Host         : sebastian-ZBook running 64-bit Linux Mint 20
| Command      : upgrade_ip
| Device       : xc7z010clg400-1
------------------------------------------------------------------------------------

Upgrade Log for IP 'ElectricGoKart_Encoder_Driver_0_0'

1. Summary
----------

SUCCESS in the upgrade of ElectricGoKart_Encoder_Driver_0_0 (user.org:user:Encoder_Driver:1.0) from (Rev. 7) to (Rev. 8)






Copyright 1986-2018 Xilinx, Inc. All Rights Reserved.
------------------------------------------------------------------------------------
| Tool Version : Vivado v.2018.3 (lin64) Build 2405991 Thu Dec  6 23:36:41 MST 2018
| Date         : Fri Mar 26 13:43:39 2021
| Host         : sebastian-ZBook running 64-bit Linux Mint 20
| Command      : upgrade_ip
| Device       : xc7z010clg400-1
------------------------------------------------------------------------------------

Upgrade Log for IP 'ElectricGoKart_PWM_Generator_0_1'

1. Summary
----------

SUCCESS in the upgrade of ElectricGoKart_PWM_Generator_0_1 (user.org:user:PWM_Generator:1.0) from (Rev. 18) to (Rev. 19)






Copyright 1986-2018 Xilinx, Inc. All Rights Reserved.
------------------------------------------------------------------------------------
| Tool Version : Vivado v.2018.3 (lin64) Build 2405991 Thu Dec  6 23:36:41 MST 2018
| Date         : Fri Mar 26 13:37:47 2021
| Host         : sebastian-ZBook running 64-bit Linux Mint 20
| Command      : upgrade_ip
| Device       : xc7z010clg400-1
------------------------------------------------------------------------------------

Upgrade Log for IP 'ElectricGoKart_PWM_Generator_0_1'

1. Summary
----------

SUCCESS in the upgrade of ElectricGoKart_PWM_Generator_0_1 (user.org:user:PWM_Generator:1.0) from (Rev. 17) to (Rev. 18)






Copyright 1986-2018 Xilinx, Inc. All Rights Reserved.
------------------------------------------------------------------------------------
| Tool Version : Vivado v.2018.3 (lin64) Build 2405991 Thu Dec  6 23:36:41 MST 2018
| Date         : Fri Mar 26 13:26:46 2021
| Host         : sebastian-ZBook running 64-bit Linux Mint 20
| Command      : upgrade_ip
| Device       : xc7z010clg400-1
------------------------------------------------------------------------------------

Upgrade Log for IP 'ElectricGoKart_PWM_Generator_0_1'

1. Summary
----------

SUCCESS in the conversion of ElectricGoKart_PWM_Generator_0_1 (user.org:user:PWM_Generator:1.0 (Rev. 17)) to Vivado generation flows.






Copyright 1986-2018 Xilinx, Inc. All Rights Reserved.
------------------------------------------------------------------------------------
| Tool Version : Vivado v.2018.3 (lin64) Build 2405991 Thu Dec  6 23:36:41 MST 2018
| Date         : Fri Mar 26 13:17:45 2021
| Host         : sebastian-ZBook running 64-bit Linux Mint 20
| Command      : upgrade_ip
| Device       : xc7z010clg400-1
------------------------------------------------------------------------------------

Upgrade Log for IP 'ElectricGoKart_PWM_Generator_0_1'

1. Summary
----------

SUCCESS in the upgrade of ElectricGoKart_PWM_Generator_0_1 (user.org:user:PWM_Generator:1.0) from (Rev. 16) to (Rev. 17)






Copyright 1986-2018 Xilinx, Inc. All Rights Reserved.
------------------------------------------------------------------------------------
| Tool Version : Vivado v.2018.3 (lin64) Build 2405991 Thu Dec  6 23:36:41 MST 2018
| Date         : Fri Mar 26 13:05:29 2021
| Host         : sebastian-ZBook running 64-bit Linux Mint 20
| Command      : upgrade_ip
| Device       : xc7z010clg400-1
------------------------------------------------------------------------------------

Upgrade Log for IP 'ElectricGoKart_PWM_Generator_0_1'

1. Summary
----------

SUCCESS in the upgrade of ElectricGoKart_PWM_Generator_0_1 (user.org:user:PWM_Generator:1.0) from (Rev. 15) to (Rev. 16)






Copyright 1986-2018 Xilinx, Inc. All Rights Reserved.
------------------------------------------------------------------------------------
| Tool Version : Vivado v.2018.3 (lin64) Build 2405991 Thu Dec  6 23:36:41 MST 2018
| Date         : Fri Mar 26 12:53:19 2021
| Host         : sebastian-ZBook running 64-bit Linux Mint 20
| Command      : upgrade_ip
| Device       : xc7z010clg400-1
------------------------------------------------------------------------------------

Upgrade Log for IP 'ElectricGoKart_PWM_Generator_0_1'

1. Summary
----------

SUCCESS in the upgrade of ElectricGoKart_PWM_Generator_0_1 (user.org:user:PWM_Generator:1.0) from (Rev. 14) to (Rev. 15)






Copyright 1986-2018 Xilinx, Inc. All Rights Reserved.
------------------------------------------------------------------------------------
| Tool Version : Vivado v.2018.3 (lin64) Build 2405991 Thu Dec  6 23:36:41 MST 2018
| Date         : Fri Mar 26 12:49:35 2021
| Host         : sebastian-ZBook running 64-bit Linux Mint 20
| Command      : upgrade_ip
| Device       : xc7z010clg400-1
------------------------------------------------------------------------------------

Upgrade Log for IP 'ElectricGoKart_PWM_Generator_0_1'

1. Summary
----------

SUCCESS in the upgrade of ElectricGoKart_PWM_Generator_0_1 (user.org:user:PWM_Generator:1.0) from (Rev. 13) to (Rev. 14)






Copyright 1986-2018 Xilinx, Inc. All Rights Reserved.
------------------------------------------------------------------------------------
| Tool Version : Vivado v.2018.3 (lin64) Build 2405991 Thu Dec  6 23:36:41 MST 2018
| Date         : Fri Mar 26 12:27:42 2021
| Host         : sebastian-ZBook running 64-bit Linux Mint 20
| Command      : upgrade_ip
| Device       : xc7z010clg400-1
------------------------------------------------------------------------------------

Upgrade Log for IP 'ElectricGoKart_PWM_Generator_0_1'

1. Summary
----------

SUCCESS in the upgrade of ElectricGoKart_PWM_Generator_0_1 (user.org:user:PWM_Generator:1.0) from (Rev. 12) to (Rev. 13)






Copyright 1986-2018 Xilinx, Inc. All Rights Reserved.
------------------------------------------------------------------------------------
| Tool Version : Vivado v.2018.3 (lin64) Build 2405991 Thu Dec  6 23:36:41 MST 2018
| Date         : Fri Mar 26 11:58:43 2021
| Host         : sebastian-ZBook running 64-bit Linux Mint 20
| Command      : upgrade_ip
| Device       : xc7z010clg400-1
------------------------------------------------------------------------------------

Upgrade Log for IP 'ElectricGoKart_PWM_Generator_0_1'

1. Summary
----------

SUCCESS in the upgrade of ElectricGoKart_PWM_Generator_0_1 (user.org:user:PWM_Generator:1.0) from (Rev. 11) to (Rev. 12)






Copyright 1986-2018 Xilinx, Inc. All Rights Reserved.
------------------------------------------------------------------------------------
| Tool Version : Vivado v.2018.3 (lin64) Build 2405991 Thu Dec  6 23:36:41 MST 2018
| Date         : Fri Mar 26 11:33:41 2021
| Host         : sebastian-ZBook running 64-bit Linux Mint 20
| Command      : upgrade_ip
| Device       : xc7z010clg400-1
------------------------------------------------------------------------------------

Upgrade Log for IP 'ElectricGoKart_Encoder_Driver_0_1'

1. Summary
----------

SUCCESS in the upgrade of ElectricGoKart_Encoder_Driver_0_1 (user.org:user:Encoder_Driver:1.0) from (Rev. 5) to (Rev. 7)






Copyright 1986-2018 Xilinx, Inc. All Rights Reserved.
------------------------------------------------------------------------------------
| Tool Version : Vivado v.2018.3 (lin64) Build 2405991 Thu Dec  6 23:36:41 MST 2018
| Date         : Fri Mar 26 11:31:42 2021
| Host         : sebastian-ZBook running 64-bit Linux Mint 20
| Command      : upgrade_ip
| Device       : xc7z010clg400-1
------------------------------------------------------------------------------------

Upgrade Log for IP 'ElectricGoKart_PWM_Generator_0_0'

1. Summary
----------

SUCCESS in the upgrade of ElectricGoKart_PWM_Generator_0_0 (user.org:user:PWM_Generator:1.0) from (Rev. 9) to (Rev. 11)






Copyright 1986-2018 Xilinx, Inc. All Rights Reserved.
------------------------------------------------------------------------------------
| Tool Version : Vivado v.2018.3 (lin64) Build 2405991 Thu Dec  6 23:36:41 MST 2018
| Date         : Fri Mar 26 11:31:42 2021
| Host         : sebastian-ZBook running 64-bit Linux Mint 20
| Command      : upgrade_ip
| Device       : xc7z010clg400-1
------------------------------------------------------------------------------------

Upgrade Log for IP 'ElectricGoKart_Encoder_Driver_0_1'

1. Summary
----------

SUCCESS in the conversion of ElectricGoKart_Encoder_Driver_0_1 (user.org:user:Encoder_Driver:1.0 (Rev. 5)) to Vivado generation flows.






Copyright 1986-2018 Xilinx, Inc. All Rights Reserved.
------------------------------------------------------------------------------------
| Tool Version : Vivado v.2018.3 (lin64) Build 2405991 Thu Dec  6 23:36:41 MST 2018
| Date         : Fri Mar 26 10:59:59 2021
| Host         : sebastian-ZBook running 64-bit Linux Mint 20
| Command      : upgrade_ip
| Device       : xc7z010clg400-1
------------------------------------------------------------------------------------

Upgrade Log for IP 'ElectricGoKart_PWM_Generator_0_0'

1. Summary
----------

SUCCESS in the conversion of ElectricGoKart_PWM_Generator_0_0 (user.org:user:PWM_Generator:1.0 (Rev. 9)) to Vivado generation flows.






Copyright 1986-2018 Xilinx, Inc. All Rights Reserved.
------------------------------------------------------------------------------------
| Tool Version : Vivado v.2018.3 (lin64) Build 2405991 Thu Dec  6 23:36:41 MST 2018
| Date         : Fri Mar 26 10:59:59 2021
| Host         : sebastian-ZBook running 64-bit Linux Mint 20
| Command      : upgrade_ip
| Device       : xc7z010clg400-1
------------------------------------------------------------------------------------

Upgrade Log for IP 'ElectricGoKart_Encoder_Driver_0_1'

1. Summary
----------

SUCCESS in the upgrade of ElectricGoKart_Encoder_Driver_0_1 (user.org:user:Encoder_Driver:1.0) from (Rev. 4) to (Rev. 5)






Copyright 1986-2018 Xilinx, Inc. All Rights Reserved.
------------------------------------------------------------------------------------
| Tool Version : Vivado v.2018.3 (lin64) Build 2405991 Thu Dec  6 23:36:41 MST 2018
| Date         : Fri Mar 26 10:51:25 2021
| Host         : sebastian-ZBook running 64-bit Linux Mint 20
| Command      : upgrade_ip
| Device       : xc7z010clg400-1
------------------------------------------------------------------------------------

Upgrade Log for IP 'ElectricGoKart_PWM_Generator_0_0'

1. Summary
----------

SUCCESS in the upgrade of ElectricGoKart_PWM_Generator_0_0 (user.org:user:PWM_Generator:1.0) from (Rev. 8) to (Rev. 9)






Copyright 1986-2018 Xilinx, Inc. All Rights Reserved.
------------------------------------------------------------------------------------
| Tool Version : Vivado v.2018.3 (lin64) Build 2405991 Thu Dec  6 23:36:41 MST 2018
| Date         : Fri Mar 26 10:50:11 2021
| Host         : sebastian-ZBook running 64-bit Linux Mint 20
| Command      : upgrade_ip
| Device       : xc7z010clg400-1
------------------------------------------------------------------------------------

Upgrade Log for IP 'ElectricGoKart_PWM_Generator_0_0'

1. Summary
----------

SUCCESS in the upgrade of ElectricGoKart_PWM_Generator_0_0 (user.org:user:PWM_Generator:1.0) from (Rev. 7) to (Rev. 8)






Copyright 1986-2018 Xilinx, Inc. All Rights Reserved.
------------------------------------------------------------------------------------
| Tool Version : Vivado v.2018.3 (lin64) Build 2405991 Thu Dec  6 23:36:41 MST 2018
| Date         : Fri Mar 26 10:50:11 2021
| Host         : sebastian-ZBook running 64-bit Linux Mint 20
| Command      : upgrade_ip
| Device       : xc7z010clg400-1
------------------------------------------------------------------------------------

Upgrade Log for IP 'ElectricGoKart_Encoder_Driver_0_1'

1. Summary
----------

SUCCESS in the upgrade of ElectricGoKart_Encoder_Driver_0_1 (user.org:user:Encoder_Driver:1.0) from (Rev. 3) to (Rev. 4)






Copyright 1986-2018 Xilinx, Inc. All Rights Reserved.
------------------------------------------------------------------------------------
| Tool Version : Vivado v.2018.3 (lin64) Build 2405991 Thu Dec  6 23:36:41 MST 2018
| Date         : Fri Mar 26 10:26:19 2021
| Host         : sebastian-ZBook running 64-bit Linux Mint 20
| Command      : upgrade_ip
| Device       : xc7z010clg400-1
------------------------------------------------------------------------------------

Upgrade Log for IP 'ElectricGoKart_PWM_Generator_0_0'

1. Summary
----------

SUCCESS in the upgrade of ElectricGoKart_PWM_Generator_0_0 (user.org:user:PWM_Generator:1.0) from (Rev. 6) to (Rev. 7)






Copyright 1986-2018 Xilinx, Inc. All Rights Reserved.
------------------------------------------------------------------------------------
| Tool Version : Vivado v.2018.3 (lin64) Build 2405991 Thu Dec  6 23:36:41 MST 2018
| Date         : Fri Mar 26 10:05:02 2021
| Host         : sebastian-ZBook running 64-bit Linux Mint 20
| Command      : upgrade_ip
| Device       : xc7z010clg400-1
------------------------------------------------------------------------------------

Upgrade Log for IP 'ElectricGoKart_PWM_Generator_0_0'

1. Summary
----------

SUCCESS in the upgrade of ElectricGoKart_PWM_Generator_0_0 (user.org:user:PWM_Generator:1.0) from (Rev. 5) to (Rev. 6)






Copyright 1986-2018 Xilinx, Inc. All Rights Reserved.
------------------------------------------------------------------------------------
| Tool Version : Vivado v.2018.3 (lin64) Build 2405991 Thu Dec  6 23:36:41 MST 2018
| Date         : Thu Mar 25 17:06:38 2021
| Host         : sebastian-ZBook running 64-bit Linux Mint 20
| Command      : upgrade_ip
| Device       : xc7z010clg400-1
------------------------------------------------------------------------------------

Upgrade Log for IP 'ElectricGoKart_PWM_Generator_0_1'

1. Summary
----------

CAUTION (success, with warnings) in the upgrade of ElectricGoKart_PWM_Generator_0_1 (user.org:user:PWM_Generator:1.0) from (Rev. 3) to (Rev. 5)

After upgrade, an IP may have parameter differences compared to the original customization. Please review the parameters within the IP customization GUI to ensure proper functionality.

2. Customization warnings
-------------------------

Parameter 'PRESCALE_SELECT' is no longer present on the upgraded IP 'ElectricGoKart_PWM_Generator_0_1', and cannot be set to '1'


3. Debug Commands
-----------------

  The following debug information can be passed to Vivado as Tcl commands,
in order to validate or debug the output of the upgrade flow.
  You may consult any warnings from within this upgrade, and alter or remove
the configuration parameter(s) which caused the warning; then execute the Tcl
commands, and use the IP Customization GUI to verify the IP configuration.

create_ip -vlnv user.org:user:PWM_Generator:1.0 -user_name ElectricGoKart_PWM_Generator_0_1
set_property -dict "\
  CONFIG.COUNTER_MAX {1172} \
  CONFIG.C_S00_AXI_ADDR_WIDTH {4} \
  CONFIG.C_S00_AXI_BASEADDR {0xFFFFFFFF} \
  CONFIG.C_S00_AXI_DATA_WIDTH {32} \
  CONFIG.C_S00_AXI_HIGHADDR {0x00000000} \
  CONFIG.Component_Name {ElectricGoKart_PWM_Generator_0_1} \
  CONFIG.S00_AXI.ADDR_WIDTH {4} \
  CONFIG.S00_AXI.ARUSER_WIDTH {0} \
  CONFIG.S00_AXI.AWUSER_WIDTH {0} \
  CONFIG.S00_AXI.BUSER_WIDTH {0} \
  CONFIG.S00_AXI.CLK_DOMAIN {ElectricGoKart_processing_system7_0_0_FCLK_CLK0} \
  CONFIG.S00_AXI.DATA_WIDTH {32} \
  CONFIG.S00_AXI.FREQ_HZ {1e+08} \
  CONFIG.S00_AXI.HAS_BRESP {1} \
  CONFIG.S00_AXI.HAS_BURST {0} \
  CONFIG.S00_AXI.HAS_CACHE {0} \
  CONFIG.S00_AXI.HAS_LOCK {0} \
  CONFIG.S00_AXI.HAS_PROT {1} \
  CONFIG.S00_AXI.HAS_QOS {0} \
  CONFIG.S00_AXI.HAS_REGION {0} \
  CONFIG.S00_AXI.HAS_RRESP {1} \
  CONFIG.S00_AXI.HAS_WSTRB {1} \
  CONFIG.S00_AXI.ID_WIDTH {0} \
  CONFIG.S00_AXI.INSERT_VIP {0} \
  CONFIG.S00_AXI.MAX_BURST_LENGTH {1} \
  CONFIG.S00_AXI.NUM_READ_OUTSTANDING {2} \
  CONFIG.S00_AXI.NUM_READ_THREADS {1} \
  CONFIG.S00_AXI.NUM_WRITE_OUTSTANDING {2} \
  CONFIG.S00_AXI.NUM_WRITE_THREADS {1} \
  CONFIG.S00_AXI.PHASE {0.000} \
  CONFIG.S00_AXI.PROTOCOL {AXI4LITE} \
  CONFIG.S00_AXI.READ_WRITE_MODE {READ_WRITE} \
  CONFIG.S00_AXI.RUSER_BITS_PER_BYTE {0} \
  CONFIG.S00_AXI.RUSER_WIDTH {0} \
  CONFIG.S00_AXI.SUPPORTS_NARROW_BURST {0} \
  CONFIG.S00_AXI.WIZ_DATA_WIDTH {32} \
  CONFIG.S00_AXI.WIZ_NUM_REG {4} \
  CONFIG.S00_AXI.WUSER_BITS_PER_BYTE {0} \
  CONFIG.S00_AXI.WUSER_WIDTH {0} \
  CONFIG.S00_AXI_CLK.ASSOCIATED_BUSIF {S00_AXI} \
  CONFIG.S00_AXI_CLK.ASSOCIATED_RESET {s00_axi_aresetn} \
  CONFIG.S00_AXI_CLK.CLK_DOMAIN {ElectricGoKart_processing_system7_0_0_FCLK_CLK0} \
  CONFIG.S00_AXI_CLK.FREQ_HZ {1e+08} \
  CONFIG.S00_AXI_CLK.INSERT_VIP {0} \
  CONFIG.S00_AXI_CLK.PHASE {0.000} \
  CONFIG.S00_AXI_RST.INSERT_VIP {0} \
  CONFIG.S00_AXI_RST.POLARITY {ACTIVE_LOW} " [get_ips ElectricGoKart_PWM_Generator_0_1]







Copyright 1986-2018 Xilinx, Inc. All Rights Reserved.
------------------------------------------------------------------------------------
| Tool Version : Vivado v.2018.3 (lin64) Build 2405991 Thu Dec  6 23:36:41 MST 2018
| Date         : Thu Mar 25 17:03:47 2021
| Host         : sebastian-ZBook running 64-bit Linux Mint 20
| Command      : upgrade_ip
| Device       : xc7z010clg400-1
------------------------------------------------------------------------------------

Upgrade Log for IP 'ElectricGoKart_PWM_Generator_0_1'

1. Summary
----------

SUCCESS in the upgrade of ElectricGoKart_PWM_Generator_0_1 (user.org:user:PWM_Generator:1.0) from (Rev. 2) to (Rev. 3)






Copyright 1986-2018 Xilinx, Inc. All Rights Reserved.
------------------------------------------------------------------------------------
| Tool Version : Vivado v.2018.3 (lin64) Build 2405991 Thu Dec  6 23:36:41 MST 2018
| Date         : Thu Mar 25 17:03:47 2021
| Host         : sebastian-ZBook running 64-bit Linux Mint 20
| Command      : upgrade_ip
| Device       : xc7z010clg400-1
------------------------------------------------------------------------------------

Upgrade Log for IP 'ElectricGoKart_Encoder_Driver_0_0'

1. Summary
----------

SUCCESS in the upgrade of ElectricGoKart_Encoder_Driver_0_0 (user.org:user:Encoder_Driver:1.0) from (Rev. 2) to (Rev. 3)






Copyright 1986-2018 Xilinx, Inc. All Rights Reserved.
------------------------------------------------------------------------------------
| Tool Version : Vivado v.2018.3 (lin64) Build 2405991 Thu Dec  6 23:36:41 MST 2018
| Date         : Thu Mar 25 15:19:21 2021
| Host         : sebastian-ZBook running 64-bit Linux Mint 20
| Command      : upgrade_ip
| Device       : xc7z010clg400-1
------------------------------------------------------------------------------------

Upgrade Log for IP 'ElectricGoKart_PWM_Generator_0_1'

1. Summary
----------

SUCCESS in the conversion of ElectricGoKart_PWM_Generator_0_1 (user.org:user:PWM_Generator:1.0 (Rev. 2)) to Vivado generation flows.






Copyright 1986-2018 Xilinx, Inc. All Rights Reserved.
------------------------------------------------------------------------------------
| Tool Version : Vivado v.2018.3 (lin64) Build 2405991 Thu Dec  6 23:36:41 MST 2018
| Date         : Thu Mar 25 10:11:05 2021
| Host         : sebastian-ZBook running 64-bit Linux Mint 20
| Command      : upgrade_ip
| Device       : xc7z010clg400-1
------------------------------------------------------------------------------------

Upgrade Log for IP 'ElectricGoKart_Encoder_Driver_0_0'

1. Summary
----------

SUCCESS in the conversion of ElectricGoKart_Encoder_Driver_0_0 (user.org:user:Encoder_Driver:1.0 (Rev. 2)) to Vivado generation flows.

