
*** Running vivado
    with args -log ElectricGoKart_PWM_Generator_0_1.vds -m64 -product Vivado -mode batch -messageDb vivado.pb -notrace -source ElectricGoKart_PWM_Generator_0_1.tcl


****** Vivado v2018.3 (64-bit)
  **** SW Build 2405991 on Thu Dec  6 23:36:41 MST 2018
  **** IP Build 2404404 on Fri Dec  7 01:43:56 MST 2018
    ** Copyright 1986-2018 Xilinx, Inc. All Rights Reserved.

source ElectricGoKart_PWM_Generator_0_1.tcl -notrace
INFO: [IP_Flow 19-234] Refreshing IP repositories
INFO: [IP_Flow 19-1700] Loaded user IP repository '/home/sebastian/Desktop/Git/SDU/ElectricGoKart/Software/ip_repo/Encoder_Driver_1.0'.
INFO: [IP_Flow 19-1700] Loaded user IP repository '/home/sebastian/Desktop/Git/SDU/ElectricGoKart/Software/ip_repo/PWM_Generator_1.0'.
INFO: [IP_Flow 19-1700] Loaded user IP repository '/home/sebastian/Desktop/Git/EmbeddedSystems/ip_repo/DefaultIP_1.0'.
INFO: [IP_Flow 19-2313] Loaded Vivado IP repository '/opt/Xilinx/Vivado/2018.3/data/ip'.
Command: synth_design -top ElectricGoKart_PWM_Generator_0_1 -part xc7z010clg400-1 -mode out_of_context
Starting synth_design
Attempting to get a license for feature 'Synthesis' and/or device 'xc7z010'
INFO: [Common 17-349] Got license for feature 'Synthesis' and/or device 'xc7z010'
INFO: Launching helper process for spawning children vivado processes
INFO: Helper process launched with PID 402168 
---------------------------------------------------------------------------------
Starting RTL Elaboration : Time (s): cpu = 00:00:02 ; elapsed = 00:00:03 . Memory (MB): peak = 1430.992 ; gain = 81.898 ; free physical = 2707 ; free virtual = 10806
---------------------------------------------------------------------------------
INFO: [Synth 8-638] synthesizing module 'ElectricGoKart_PWM_Generator_0_1' [/home/sebastian/Desktop/Git/SDU/ElectricGoKart/Software/ElectricGoKart/ElectricGoKart.srcs/sources_1/bd/ElectricGoKart/ip/ElectricGoKart_PWM_Generator_0_1/synth/ElectricGoKart_PWM_Generator_0_1.vhd:86]
	Parameter C_S00_AXI_DATA_WIDTH bound to: 32 - type: integer 
	Parameter C_S00_AXI_ADDR_WIDTH bound to: 4 - type: integer 
	Parameter COUNTER_MAX bound to: 1172 - type: integer 
	Parameter CLOCK_SCALER bound to: 1 - type: integer 
INFO: [Synth 8-3491] module 'PWM_Generator_v1_0' declared at '/home/sebastian/Desktop/Git/SDU/ElectricGoKart/Software/ElectricGoKart/ElectricGoKart.srcs/sources_1/bd/ElectricGoKart/ipshared/ff3e/hdl/PWM_Generator_v1_0.vhd:5' bound to instance 'U0' of component 'PWM_Generator_v1_0' [/home/sebastian/Desktop/Git/SDU/ElectricGoKart/Software/ElectricGoKart/ElectricGoKart.srcs/sources_1/bd/ElectricGoKart/ip/ElectricGoKart_PWM_Generator_0_1/synth/ElectricGoKart_PWM_Generator_0_1.vhd:156]
INFO: [Synth 8-638] synthesizing module 'PWM_Generator_v1_0' [/home/sebastian/Desktop/Git/SDU/ElectricGoKart/Software/ElectricGoKart/ElectricGoKart.srcs/sources_1/bd/ElectricGoKart/ipshared/ff3e/hdl/PWM_Generator_v1_0.vhd:53]
	Parameter COUNTER_MAX bound to: 1172 - type: integer 
	Parameter CLOCK_SCALER bound to: 1 - type: integer 
	Parameter C_S00_AXI_DATA_WIDTH bound to: 32 - type: integer 
	Parameter C_S00_AXI_ADDR_WIDTH bound to: 4 - type: integer 
	Parameter COUNTER_MAX bound to: 1172 - type: integer 
	Parameter CLOCK_SCALER bound to: 1 - type: integer 
	Parameter C_S_AXI_DATA_WIDTH bound to: 32 - type: integer 
	Parameter C_S_AXI_ADDR_WIDTH bound to: 4 - type: integer 
INFO: [Synth 8-3491] module 'PWM_Generator_v1_0_S00_AXI' declared at '/home/sebastian/Desktop/Git/SDU/ElectricGoKart/Software/ElectricGoKart/ElectricGoKart.srcs/sources_1/bd/ElectricGoKart/ipshared/ff3e/hdl/PWM_Generator_v1_0_S00_AXI.vhd:5' bound to instance 'PWM_Generator_v1_0_S00_AXI_inst' of component 'PWM_Generator_v1_0_S00_AXI' [/home/sebastian/Desktop/Git/SDU/ElectricGoKart/Software/ElectricGoKart/ElectricGoKart.srcs/sources_1/bd/ElectricGoKart/ipshared/ff3e/hdl/PWM_Generator_v1_0.vhd:95]
INFO: [Synth 8-638] synthesizing module 'PWM_Generator_v1_0_S00_AXI' [/home/sebastian/Desktop/Git/SDU/ElectricGoKart/Software/ElectricGoKart/ElectricGoKart.srcs/sources_1/bd/ElectricGoKart/ipshared/ff3e/hdl/PWM_Generator_v1_0_S00_AXI.vhd:90]
	Parameter COUNTER_MAX bound to: 1172 - type: integer 
	Parameter CLOCK_SCALER bound to: 1 - type: integer 
	Parameter C_S_AXI_DATA_WIDTH bound to: 32 - type: integer 
	Parameter C_S_AXI_ADDR_WIDTH bound to: 4 - type: integer 
INFO: [Synth 8-226] default block is never used [/home/sebastian/Desktop/Git/SDU/ElectricGoKart/Software/ElectricGoKart/ElectricGoKart.srcs/sources_1/bd/ElectricGoKart/ipshared/ff3e/hdl/PWM_Generator_v1_0_S00_AXI.vhd:238]
INFO: [Synth 8-226] default block is never used [/home/sebastian/Desktop/Git/SDU/ElectricGoKart/Software/ElectricGoKart/ElectricGoKart.srcs/sources_1/bd/ElectricGoKart/ipshared/ff3e/hdl/PWM_Generator_v1_0_S00_AXI.vhd:368]
WARNING: [Synth 8-614] signal 'temp_clock' is read in the process but is not in the sensitivity list [/home/sebastian/Desktop/Git/SDU/ElectricGoKart/Software/ElectricGoKart/ElectricGoKart.srcs/sources_1/bd/ElectricGoKart/ipshared/ff3e/hdl/PWM_Generator_v1_0_S00_AXI.vhd:406]
WARNING: [Synth 8-6014] Unused sequential element loc_addr_reg was removed.  [/home/sebastian/Desktop/Git/SDU/ElectricGoKart/Software/ElectricGoKart/ElectricGoKart.srcs/sources_1/bd/ElectricGoKart/ipshared/ff3e/hdl/PWM_Generator_v1_0_S00_AXI.vhd:236]
INFO: [Synth 8-256] done synthesizing module 'PWM_Generator_v1_0_S00_AXI' (1#1) [/home/sebastian/Desktop/Git/SDU/ElectricGoKart/Software/ElectricGoKart/ElectricGoKart.srcs/sources_1/bd/ElectricGoKart/ipshared/ff3e/hdl/PWM_Generator_v1_0_S00_AXI.vhd:90]
INFO: [Synth 8-256] done synthesizing module 'PWM_Generator_v1_0' (2#1) [/home/sebastian/Desktop/Git/SDU/ElectricGoKart/Software/ElectricGoKart/ElectricGoKart.srcs/sources_1/bd/ElectricGoKart/ipshared/ff3e/hdl/PWM_Generator_v1_0.vhd:53]
INFO: [Synth 8-256] done synthesizing module 'ElectricGoKart_PWM_Generator_0_1' (3#1) [/home/sebastian/Desktop/Git/SDU/ElectricGoKart/Software/ElectricGoKart/ElectricGoKart.srcs/sources_1/bd/ElectricGoKart/ip/ElectricGoKart_PWM_Generator_0_1/synth/ElectricGoKart_PWM_Generator_0_1.vhd:86]
WARNING: [Synth 8-3331] design PWM_Generator_v1_0_S00_AXI has unconnected port S_AXI_AWPROT[2]
WARNING: [Synth 8-3331] design PWM_Generator_v1_0_S00_AXI has unconnected port S_AXI_AWPROT[1]
WARNING: [Synth 8-3331] design PWM_Generator_v1_0_S00_AXI has unconnected port S_AXI_AWPROT[0]
WARNING: [Synth 8-3331] design PWM_Generator_v1_0_S00_AXI has unconnected port S_AXI_ARPROT[2]
WARNING: [Synth 8-3331] design PWM_Generator_v1_0_S00_AXI has unconnected port S_AXI_ARPROT[1]
WARNING: [Synth 8-3331] design PWM_Generator_v1_0_S00_AXI has unconnected port S_AXI_ARPROT[0]
---------------------------------------------------------------------------------
Finished RTL Elaboration : Time (s): cpu = 00:00:03 ; elapsed = 00:00:04 . Memory (MB): peak = 1476.742 ; gain = 127.648 ; free physical = 2717 ; free virtual = 10816
---------------------------------------------------------------------------------

Report Check Netlist: 
+------+------------------+-------+---------+-------+------------------+
|      |Item              |Errors |Warnings |Status |Description       |
+------+------------------+-------+---------+-------+------------------+
|1     |multi_driven_nets |      0|        0|Passed |Multi driven nets |
+------+------------------+-------+---------+-------+------------------+
---------------------------------------------------------------------------------
Start Handling Custom Attributes
---------------------------------------------------------------------------------
---------------------------------------------------------------------------------
Finished Handling Custom Attributes : Time (s): cpu = 00:00:03 ; elapsed = 00:00:04 . Memory (MB): peak = 1476.742 ; gain = 127.648 ; free physical = 2716 ; free virtual = 10816
---------------------------------------------------------------------------------
---------------------------------------------------------------------------------
Finished RTL Optimization Phase 1 : Time (s): cpu = 00:00:03 ; elapsed = 00:00:04 . Memory (MB): peak = 1476.742 ; gain = 127.648 ; free physical = 2716 ; free virtual = 10816
---------------------------------------------------------------------------------
INFO: [Device 21-403] Loading part xc7z010clg400-1
INFO: [Project 1-570] Preparing netlist for logic optimization

Processing XDC Constraints
Initializing timing engine
Completed Processing XDC Constraints

Netlist sorting complete. Time (s): cpu = 00:00:00 ; elapsed = 00:00:00 . Memory (MB): peak = 1820.383 ; gain = 0.000 ; free physical = 2484 ; free virtual = 10583
INFO: [Project 1-111] Unisim Transformation Summary:
No Unisim elements were transformed.

Netlist sorting complete. Time (s): cpu = 00:00:00 ; elapsed = 00:00:00 . Memory (MB): peak = 1820.383 ; gain = 0.000 ; free physical = 2484 ; free virtual = 10583
WARNING: [Constraints 18-5210] No constraints selected for write.
Resolution: This message can indicate that there are no constraints for the design, or it can indicate that the used_in flags are set such that the constraints are ignored. This later case is used when running synth_design to not write synthesis constraints to the resulting checkpoint. Instead, project constraints are read when the synthesized design is opened.
Constraint Validation Runtime : Time (s): cpu = 00:00:00.08 ; elapsed = 00:00:00.12 . Memory (MB): peak = 1822.383 ; gain = 2.000 ; free physical = 2480 ; free virtual = 10580
---------------------------------------------------------------------------------
Finished Constraint Validation : Time (s): cpu = 00:00:10 ; elapsed = 00:00:12 . Memory (MB): peak = 1822.383 ; gain = 473.289 ; free physical = 2548 ; free virtual = 10648
---------------------------------------------------------------------------------
---------------------------------------------------------------------------------
Start Loading Part and Timing Information
---------------------------------------------------------------------------------
Loading part: xc7z010clg400-1
---------------------------------------------------------------------------------
Finished Loading Part and Timing Information : Time (s): cpu = 00:00:10 ; elapsed = 00:00:12 . Memory (MB): peak = 1822.383 ; gain = 473.289 ; free physical = 2548 ; free virtual = 10648
---------------------------------------------------------------------------------
---------------------------------------------------------------------------------
Start Applying 'set_property' XDC Constraints
---------------------------------------------------------------------------------
---------------------------------------------------------------------------------
Finished applying 'set_property' XDC Constraints : Time (s): cpu = 00:00:10 ; elapsed = 00:00:12 . Memory (MB): peak = 1822.383 ; gain = 473.289 ; free physical = 2550 ; free virtual = 10650
---------------------------------------------------------------------------------
---------------------------------------------------------------------------------
Finished RTL Optimization Phase 2 : Time (s): cpu = 00:00:10 ; elapsed = 00:00:12 . Memory (MB): peak = 1822.383 ; gain = 473.289 ; free physical = 2541 ; free virtual = 10641
---------------------------------------------------------------------------------

Report RTL Partitions: 
+-+--------------+------------+----------+
| |RTL Partition |Replication |Instances |
+-+--------------+------------+----------+
+-+--------------+------------+----------+
---------------------------------------------------------------------------------
Start RTL Component Statistics 
---------------------------------------------------------------------------------
Detailed RTL Component Info : 
+---Adders : 
	   2 Input     32 Bit       Adders := 2     
	   2 Input      8 Bit       Adders := 1     
+---Registers : 
	               32 Bit    Registers := 6     
	                8 Bit    Registers := 1     
	                4 Bit    Registers := 2     
	                2 Bit    Registers := 2     
	                1 Bit    Registers := 12    
+---Muxes : 
	   2 Input     32 Bit        Muxes := 7     
	   4 Input     32 Bit        Muxes := 5     
	   2 Input      1 Bit        Muxes := 8     
---------------------------------------------------------------------------------
Finished RTL Component Statistics 
---------------------------------------------------------------------------------
---------------------------------------------------------------------------------
Start RTL Hierarchical Component Statistics 
---------------------------------------------------------------------------------
Hierarchical RTL Component report 
Module PWM_Generator_v1_0_S00_AXI 
Detailed RTL Component Info : 
+---Adders : 
	   2 Input     32 Bit       Adders := 2     
	   2 Input      8 Bit       Adders := 1     
+---Registers : 
	               32 Bit    Registers := 6     
	                8 Bit    Registers := 1     
	                4 Bit    Registers := 2     
	                2 Bit    Registers := 2     
	                1 Bit    Registers := 12    
+---Muxes : 
	   2 Input     32 Bit        Muxes := 7     
	   4 Input     32 Bit        Muxes := 5     
	   2 Input      1 Bit        Muxes := 8     
---------------------------------------------------------------------------------
Finished RTL Hierarchical Component Statistics
---------------------------------------------------------------------------------
---------------------------------------------------------------------------------
Start Part Resource Summary
---------------------------------------------------------------------------------
Part Resources:
DSPs: 80 (col length:40)
BRAMs: 120 (col length: RAMB18 40 RAMB36 20)
---------------------------------------------------------------------------------
Finished Part Resource Summary
---------------------------------------------------------------------------------
---------------------------------------------------------------------------------
Start Cross Boundary and Area Optimization
---------------------------------------------------------------------------------
Warning: Parallel synthesis criteria is not met 
WARNING: [Synth 8-3331] design ElectricGoKart_PWM_Generator_0_1 has unconnected port s00_axi_awprot[2]
WARNING: [Synth 8-3331] design ElectricGoKart_PWM_Generator_0_1 has unconnected port s00_axi_awprot[1]
WARNING: [Synth 8-3331] design ElectricGoKart_PWM_Generator_0_1 has unconnected port s00_axi_awprot[0]
WARNING: [Synth 8-3331] design ElectricGoKart_PWM_Generator_0_1 has unconnected port s00_axi_arprot[2]
WARNING: [Synth 8-3331] design ElectricGoKart_PWM_Generator_0_1 has unconnected port s00_axi_arprot[1]
WARNING: [Synth 8-3331] design ElectricGoKart_PWM_Generator_0_1 has unconnected port s00_axi_arprot[0]
INFO: [Synth 8-3886] merging instance 'U0/PWM_Generator_v1_0_S00_AXI_inst/axi_rresp_reg[0]' (FDRE) to 'U0/PWM_Generator_v1_0_S00_AXI_inst/axi_rresp_reg[1]'
INFO: [Synth 8-3333] propagating constant 0 across sequential element (\U0/PWM_Generator_v1_0_S00_AXI_inst/axi_rresp_reg[1] )
INFO: [Synth 8-3886] merging instance 'U0/PWM_Generator_v1_0_S00_AXI_inst/axi_bresp_reg[0]' (FDRE) to 'U0/PWM_Generator_v1_0_S00_AXI_inst/axi_bresp_reg[1]'
INFO: [Synth 8-3333] propagating constant 0 across sequential element (\U0/PWM_Generator_v1_0_S00_AXI_inst/axi_bresp_reg[1] )
---------------------------------------------------------------------------------
Finished Cross Boundary and Area Optimization : Time (s): cpu = 00:00:12 ; elapsed = 00:00:14 . Memory (MB): peak = 1822.383 ; gain = 473.289 ; free physical = 2524 ; free virtual = 10626
---------------------------------------------------------------------------------

Report RTL Partitions: 
+-+--------------+------------+----------+
| |RTL Partition |Replication |Instances |
+-+--------------+------------+----------+
+-+--------------+------------+----------+
---------------------------------------------------------------------------------
Start Applying XDC Timing Constraints
---------------------------------------------------------------------------------
---------------------------------------------------------------------------------
Finished Applying XDC Timing Constraints : Time (s): cpu = 00:00:18 ; elapsed = 00:00:20 . Memory (MB): peak = 1822.383 ; gain = 473.289 ; free physical = 2397 ; free virtual = 10498
---------------------------------------------------------------------------------
---------------------------------------------------------------------------------
Start Timing Optimization
---------------------------------------------------------------------------------
---------------------------------------------------------------------------------
Finished Timing Optimization : Time (s): cpu = 00:00:18 ; elapsed = 00:00:20 . Memory (MB): peak = 1822.383 ; gain = 473.289 ; free physical = 2396 ; free virtual = 10498
---------------------------------------------------------------------------------

Report RTL Partitions: 
+-+--------------+------------+----------+
| |RTL Partition |Replication |Instances |
+-+--------------+------------+----------+
+-+--------------+------------+----------+
---------------------------------------------------------------------------------
Start Technology Mapping
---------------------------------------------------------------------------------
---------------------------------------------------------------------------------
Finished Technology Mapping : Time (s): cpu = 00:00:18 ; elapsed = 00:00:20 . Memory (MB): peak = 1822.383 ; gain = 473.289 ; free physical = 2394 ; free virtual = 10496
---------------------------------------------------------------------------------

Report RTL Partitions: 
+-+--------------+------------+----------+
| |RTL Partition |Replication |Instances |
+-+--------------+------------+----------+
+-+--------------+------------+----------+
---------------------------------------------------------------------------------
Start IO Insertion
---------------------------------------------------------------------------------
---------------------------------------------------------------------------------
Start Flattening Before IO Insertion
---------------------------------------------------------------------------------
---------------------------------------------------------------------------------
Finished Flattening Before IO Insertion
---------------------------------------------------------------------------------
---------------------------------------------------------------------------------
Start Final Netlist Cleanup
---------------------------------------------------------------------------------
---------------------------------------------------------------------------------
Finished Final Netlist Cleanup
---------------------------------------------------------------------------------
---------------------------------------------------------------------------------
Finished IO Insertion : Time (s): cpu = 00:00:19 ; elapsed = 00:00:21 . Memory (MB): peak = 1822.383 ; gain = 473.289 ; free physical = 2390 ; free virtual = 10491
---------------------------------------------------------------------------------

Report Check Netlist: 
+------+------------------+-------+---------+-------+------------------+
|      |Item              |Errors |Warnings |Status |Description       |
+------+------------------+-------+---------+-------+------------------+
|1     |multi_driven_nets |      0|        0|Passed |Multi driven nets |
+------+------------------+-------+---------+-------+------------------+
---------------------------------------------------------------------------------
Start Renaming Generated Instances
---------------------------------------------------------------------------------
---------------------------------------------------------------------------------
Finished Renaming Generated Instances : Time (s): cpu = 00:00:19 ; elapsed = 00:00:21 . Memory (MB): peak = 1822.383 ; gain = 473.289 ; free physical = 2390 ; free virtual = 10492
---------------------------------------------------------------------------------

Report RTL Partitions: 
+-+--------------+------------+----------+
| |RTL Partition |Replication |Instances |
+-+--------------+------------+----------+
+-+--------------+------------+----------+
---------------------------------------------------------------------------------
Start Rebuilding User Hierarchy
---------------------------------------------------------------------------------
---------------------------------------------------------------------------------
Finished Rebuilding User Hierarchy : Time (s): cpu = 00:00:19 ; elapsed = 00:00:21 . Memory (MB): peak = 1822.383 ; gain = 473.289 ; free physical = 2390 ; free virtual = 10492
---------------------------------------------------------------------------------
---------------------------------------------------------------------------------
Start Renaming Generated Ports
---------------------------------------------------------------------------------
---------------------------------------------------------------------------------
Finished Renaming Generated Ports : Time (s): cpu = 00:00:19 ; elapsed = 00:00:21 . Memory (MB): peak = 1822.383 ; gain = 473.289 ; free physical = 2390 ; free virtual = 10492
---------------------------------------------------------------------------------
---------------------------------------------------------------------------------
Start Handling Custom Attributes
---------------------------------------------------------------------------------
---------------------------------------------------------------------------------
Finished Handling Custom Attributes : Time (s): cpu = 00:00:19 ; elapsed = 00:00:21 . Memory (MB): peak = 1822.383 ; gain = 473.289 ; free physical = 2390 ; free virtual = 10492
---------------------------------------------------------------------------------
---------------------------------------------------------------------------------
Start Renaming Generated Nets
---------------------------------------------------------------------------------
---------------------------------------------------------------------------------
Finished Renaming Generated Nets : Time (s): cpu = 00:00:19 ; elapsed = 00:00:21 . Memory (MB): peak = 1822.383 ; gain = 473.289 ; free physical = 2390 ; free virtual = 10492
---------------------------------------------------------------------------------
---------------------------------------------------------------------------------
Start Writing Synthesis Report
---------------------------------------------------------------------------------

Report BlackBoxes: 
+-+--------------+----------+
| |BlackBox name |Instances |
+-+--------------+----------+
+-+--------------+----------+

Report Cell Usage: 
+------+-------+------+
|      |Cell   |Count |
+------+-------+------+
|1     |CARRY4 |    28|
|2     |LUT1   |    33|
|3     |LUT2   |     4|
|4     |LUT3   |     3|
|5     |LUT4   |   124|
|6     |LUT5   |     3|
|7     |LUT6   |    76|
|8     |FDRE   |   208|
|9     |FDSE   |     3|
+------+-------+------+

Report Instance Areas: 
+------+------------------------------------+---------------------------+------+
|      |Instance                            |Module                     |Cells |
+------+------------------------------------+---------------------------+------+
|1     |top                                 |                           |   482|
|2     |  U0                                |PWM_Generator_v1_0         |   482|
|3     |    PWM_Generator_v1_0_S00_AXI_inst |PWM_Generator_v1_0_S00_AXI |   482|
+------+------------------------------------+---------------------------+------+
---------------------------------------------------------------------------------
Finished Writing Synthesis Report : Time (s): cpu = 00:00:19 ; elapsed = 00:00:21 . Memory (MB): peak = 1822.383 ; gain = 473.289 ; free physical = 2390 ; free virtual = 10492
---------------------------------------------------------------------------------
Synthesis finished with 0 errors, 0 critical warnings and 6 warnings.
Synthesis Optimization Runtime : Time (s): cpu = 00:00:15 ; elapsed = 00:00:16 . Memory (MB): peak = 1822.383 ; gain = 127.648 ; free physical = 2447 ; free virtual = 10549
Synthesis Optimization Complete : Time (s): cpu = 00:00:19 ; elapsed = 00:00:21 . Memory (MB): peak = 1822.383 ; gain = 473.289 ; free physical = 2447 ; free virtual = 10549
INFO: [Project 1-571] Translating synthesized netlist
INFO: [Netlist 29-17] Analyzing 28 Unisim elements for replacement
INFO: [Netlist 29-28] Unisim Transformation completed in 0 CPU seconds
INFO: [Project 1-570] Preparing netlist for logic optimization
INFO: [Opt 31-138] Pushed 0 inverter(s) to 0 load pin(s).
Netlist sorting complete. Time (s): cpu = 00:00:00 ; elapsed = 00:00:00 . Memory (MB): peak = 1830.391 ; gain = 0.000 ; free physical = 2387 ; free virtual = 10489
INFO: [Project 1-111] Unisim Transformation Summary:
No Unisim elements were transformed.

INFO: [Common 17-83] Releasing license: Synthesis
30 Infos, 15 Warnings, 0 Critical Warnings and 0 Errors encountered.
synth_design completed successfully
synth_design: Time (s): cpu = 00:00:21 ; elapsed = 00:00:22 . Memory (MB): peak = 1830.391 ; gain = 487.125 ; free physical = 2461 ; free virtual = 10563
Netlist sorting complete. Time (s): cpu = 00:00:00 ; elapsed = 00:00:00 . Memory (MB): peak = 1830.391 ; gain = 0.000 ; free physical = 2461 ; free virtual = 10563
WARNING: [Constraints 18-5210] No constraints selected for write.
Resolution: This message can indicate that there are no constraints for the design, or it can indicate that the used_in flags are set such that the constraints are ignored. This later case is used when running synth_design to not write synthesis constraints to the resulting checkpoint. Instead, project constraints are read when the synthesized design is opened.
INFO: [Common 17-1381] The checkpoint '/home/sebastian/Desktop/Git/SDU/ElectricGoKart/Software/ElectricGoKart/ElectricGoKart.runs/ElectricGoKart_PWM_Generator_0_1_synth_1/ElectricGoKart_PWM_Generator_0_1.dcp' has been generated.
INFO: [Coretcl 2-1648] Added synthesis output to IP cache for IP ElectricGoKart_PWM_Generator_0_1, cache-ID = 722d1182aa4002b6
INFO: [Coretcl 2-1174] Renamed 2 cell refs.
Netlist sorting complete. Time (s): cpu = 00:00:00 ; elapsed = 00:00:00 . Memory (MB): peak = 1854.402 ; gain = 0.000 ; free physical = 2461 ; free virtual = 10563
WARNING: [Constraints 18-5210] No constraints selected for write.
Resolution: This message can indicate that there are no constraints for the design, or it can indicate that the used_in flags are set such that the constraints are ignored. This later case is used when running synth_design to not write synthesis constraints to the resulting checkpoint. Instead, project constraints are read when the synthesized design is opened.
INFO: [Common 17-1381] The checkpoint '/home/sebastian/Desktop/Git/SDU/ElectricGoKart/Software/ElectricGoKart/ElectricGoKart.runs/ElectricGoKart_PWM_Generator_0_1_synth_1/ElectricGoKart_PWM_Generator_0_1.dcp' has been generated.
INFO: [runtcl-4] Executing : report_utilization -file ElectricGoKart_PWM_Generator_0_1_utilization_synth.rpt -pb ElectricGoKart_PWM_Generator_0_1_utilization_synth.pb
INFO: [Common 17-206] Exiting Vivado at Fri Mar 26 13:44:52 2021...
